{"meta": {"format": 3, "version": "7.13.4", "timestamp": "2026-03-04T06:43:28.884108", "branch_coverage": false, "show_contexts": false}, "files": {"commands/__init__.py": {"executed_lines": [6, 8], "summary": {"covered_lines": 2, "num_statements": 2, "percent_covered": 100.0, "percent_covered_display": "100", "missing_lines": 0, "excluded_lines": 0, "percent_statements_covered": 100.0, "percent_statements_covered_display": "100"}, "missing_lines": [], "excluded_lines": [], "functions": {"": {"executed_lines": [6, 8], "summary": {"covered_lines": 2, "num_statements": 2, "percent_covered": 100.0, "percent_covered_display": "100", "missing_lines": 0, "excluded_lines": 0, "percent_statements_covered": 100.0, "percent_statements_covered_display": "100"}, "missing_lines": [], "excluded_lines": [], "start_line": 1}}, "classes": {"": {"executed_lines": [6, 8], "summary": {"covered_lines": 2, "num_statements": 2, "percent_covered": 100.0, "percent_covered_display": "100", "missing_lines": 0, "excluded_lines": 0, "percent_statements_covered": 100.0, "percent_statements_covered_display": "100"}, "missing_lines": [], "excluded_lines": [], "start_line": 1}}}, "commands/base.py": {"executed_lines": [7, 8, 11, 19, 20, 22, 23, 25, 26, 34, 35, 43, 49, 50, 51], "summary": {"covered_lines": 15, "num_statements": 17, "percent_covered": 88.23529411764706, "percent_covered_display": "88", "missing_lines": 2, "excluded_lines": 0, "percent_statements_covered": 88.23529411764706, "percent_statements_covered_display": "88"}, "missing_lines": [32, 41], "excluded_lines": [], "functions": {"Command.add_arguments": {"executed_lines": [], "summary": {"covered_lines": 0, "num_statements": 1, "percent_covered": 0.0, "percent_covered_display": "0", "missing_lines": 1, "excluded_lines": 0, "percent_statements_covered": 0.0, "percent_statements_covered_display": "0"}, "missing_lines": [32], "excluded_lines": [], "start_line": 26}, "Command.execute": {"executed_lines": [], "summary": {"covered_lines": 0, "num_statements": 1, "percent_covered": 0.0, "percent_covered_display": "0", "missing_lines": 1, "excluded_lines": 0, "percent_statements_covered": 0.0, "percent_statements_covered_display": "0"}, "missing_lines": [41], "excluded_lines": [], "start_line": 35}, "Command.register": {"executed_lines": [49, 50, 51], "summary": {"covered_lines": 3, "num_statements": 3, "percent_covered": 100.0, "percent_covered_display": "100", "missing_lines": 0, "excluded_lines": 0, "percent_statements_covered": 100.0, "percent_statements_covered_display": "100"}, "missing_lines": [], "excluded_lines": [], "start_line": 43}, "": {"executed_lines": [7, 8, 11, 19, 20, 22, 23, 25, 26, 34, 35, 43], "summary": {"covered_lines": 12, "num_statements": 12, "percent_covered": 100.0, "percent_covered_display": "100", "missing_lines": 0, "excluded_lines": 0, "percent_statements_covered": 100.0, "percent_statements_covered_display": "100"}, "missing_lines": [], "excluded_lines": [], "start_line": 1}}, "classes": {"Command": {"executed_lines": [49, 50, 51], "summary": {"covered_lines": 3, "num_statements": 5, "percent_covered": 60.0, "percent_covered_display": "60", "missing_lines": 2, "excluded_lines": 0, "percent_statements_covered": 60.0, "percent_statements_covered_display": "60"}, "missing_lines": [32, 41], "excluded_lines": [], "start_line": 11}, "": {"executed_lines": [7, 8, 11, 19, 20, 22, 23, 25, 26, 34, 35, 43], "summary": {"covered_lines": 12, "num_statements": 12, "percent_covered": 100.0, "percent_covered_display": "100", "missing_lines": 0, "excluded_lines": 0, "percent_statements_covered": 100.0, "percent_statements_covered_display": "100"}, "missing_lines": [], "excluded_lines": [], "start_line": 1}}}, "commands/export_commands.py": {"executed_lines": [7, 8, 9, 10, 12, 13, 14, 17, 20, 21, 23, 24, 32, 34, 35, 36, 38, 42, 43, 45, 47, 49, 50, 52, 53, 54, 57, 58, 59, 60, 71, 73, 75, 76, 78, 79, 81, 82, 83, 86, 87, 88, 89, 90, 91, 92, 93, 94, 97, 98, 101, 102], "summary": {"covered_lines": 52, "num_statements": 54, "percent_covered": 96.29629629629629, "percent_covered_display": "96", "missing_lines": 2, "excluded_lines": 0, "percent_statements_covered": 96.29629629629629, "percent_statements_covered_display": "96"}, "missing_lines": [39, 40], "excluded_lines": [], "functions": {"ExportCommand.add_arguments": {"executed_lines": [24, 32], "summary": {"covered_lines": 2, "num_statements": 2, "percent_covered": 100.0, "percent_covered_display": "100", "missing_lines": 0, "excluded_lines": 0, "percent_statements_covered": 100.0, "percent_statements_covered_display": "100"}, "missing_lines": [], "excluded_lines": [], "start_line": 23}, "ExportCommand.execute": {"executed_lines": [35, 36, 38, 42, 43, 45], "summary": {"covered_lines": 6, "num_statements": 8, "percent_covered": 75.0, "percent_covered_display": "75", "missing_lines": 2, "excluded_lines": 0, "percent_statements_covered": 75.0, "percent_statements_covered_display": "75"}, "missing_lines": [39, 40], "excluded_lines": [], "start_line": 34}, "ExportCommand._export_csv": {"executed_lines": [49, 50, 52, 53, 54, 57, 58, 59, 60, 71], "summary": {"covered_lines": 10, "num_statements": 10, "percent_covered": 100.0, "percent_covered_display": "100", "missing_lines": 0, "excluded_lines": 0, "percent_statements_covered": 100.0, "percent_statements_covered_display": "100"}, "missing_lines": [], "excluded_lines": [], "start_line": 47}, "ExportCommand._export_markdown": {"executed_lines": [75, 76, 78, 79, 81, 82, 83, 86, 87, 88, 89, 90, 91, 92, 93, 94, 97, 98, 101, 102], "summary": {"covered_lines": 20, "num_statements": 20, "percent_covered": 100.0, "percent_covered_display": "100", "missing_lines": 0, "excluded_lines": 0, "percent_statements_covered": 100.0, "percent_statements_covered_display": "100"}, "missing_lines": [], "excluded_lines": [], "start_line": 73}, "": {"executed_lines": [7, 8, 9, 10, 12, 13, 14, 17, 20, 21, 23, 34, 47, 73], "summary": {"covered_lines": 14, "num_statements": 14, "percent_covered": 100.0, "percent_covered_display": "100", "missing_lines": 0, "excluded_lines": 0, "percent_statements_covered": 100.0, "percent_statements_covered_display": "100"}, "missing_lines": [], "excluded_lines": [], "start_line": 1}}, "classes": {"ExportCommand": {"executed_lines": [24, 32, 35, 36, 38, 42, 43, 45, 49, 50, 52, 53, 54, 57, 58, 59, 60, 71, 75, 76, 78, 79, 81, 82, 83, 86, 87, 88, 89, 90, 91, 92, 93, 94, 97, 98, 101, 102], "summary": {"covered_lines": 38, "num_statements": 40, "percent_covered": 95.0, "percent_covered_display": "95", "missing_lines": 2, "excluded_lines": 0, "percent_statements_covered": 95.0, "percent_statements_covered_display": "95"}, "missing_lines": [39, 40], "excluded_lines": [], "start_line": 17}, "": {"executed_lines": [7, 8, 9, 10, 12, 13, 14, 17, 20, 21, 23, 34, 47, 73], "summary": {"covered_lines": 14, "num_statements": 14, "percent_covered": 100.0, "percent_covered_display": "100", "missing_lines": 0, "excluded_lines": 0, "percent_statements_covered": 100.0, "percent_statements_covered_display": "100"}, "missing_lines": [], "excluded_lines": [], "start_line": 1}}}, "commands/query_commands.py": {"executed_lines": [7, 8, 10, 11, 12, 15, 18, 19, 21, 22, 23, 31, 40, 41, 42, 45, 46, 49, 50, 51, 53, 54, 55, 60, 63, 64, 65, 67, 73, 74, 75, 76, 77, 78, 79, 80, 81, 82, 83, 86, 89, 90, 93, 96, 97, 99, 100, 101, 110, 111, 112, 115, 116, 119, 120, 121, 123, 124, 125, 130, 132, 133, 134, 136, 137, 138, 140, 141, 142, 144, 145, 146, 147, 148, 149, 151, 152, 153, 154, 156, 157, 158, 161, 162, 165, 166, 170, 173, 176, 177, 179, 180, 183, 192, 193, 194, 196, 200, 202, 203, 204, 205, 206, 207, 208, 209, 210, 211, 213, 214, 218, 225, 226, 227, 229, 231, 232, 233, 234, 236, 241, 243, 244, 245, 247, 248, 249, 250, 251, 252, 253, 255, 257, 261, 262, 263, 264, 265], "summary": {"covered_lines": 138, "num_statements": 152, "percent_covered": 90.78947368421052, "percent_covered_display": "91", "missing_lines": 14, "excluded_lines": 0, "percent_statements_covered": 90.78947368421052, "percent_statements_covered_display": "91"}, "missing_lines": [56, 57, 59, 126, 127, 129, 197, 198, 215, 216, 219, 220, 222, 223], "excluded_lines": [], "functions": {"ListCommand.add_arguments": {"executed_lines": [22, 23, 31], "summary": {"covered_lines": 3, "num_statements": 3, "percent_covered": 100.0, "percent_covered_display": "100", "missing_lines": 0, "excluded_lines": 0, "percent_statements_covered": 100.0, "percent_statements_covered_display": "100"}, "missing_lines": [], "excluded_lines": [], "start_line": 21}, "ListCommand.execute": {"executed_lines": [41, 42, 45, 46, 49, 50, 51, 53, 54, 55, 60, 63, 64, 65, 67, 73, 74, 75, 76, 77, 78, 79, 80, 81, 82, 83, 86, 89, 90], "summary": {"covered_lines": 29, "num_statements": 32, "percent_covered": 90.625, "percent_covered_display": "91", "missing_lines": 3, "excluded_lines": 0, "percent_statements_covered": 90.625, "percent_statements_covered_display": "91"}, "missing_lines": [56, 57, 59], "excluded_lines": [], "start_line": 40}, "StatsCommand.add_arguments": {"executed_lines": [100, 101], "summary": {"covered_lines": 2, "num_statements": 2, "percent_covered": 100.0, "percent_covered_display": "100", "missing_lines": 0, "excluded_lines": 0, "percent_statements_covered": 100.0, "percent_statements_covered_display": "100"}, "missing_lines": [], "excluded_lines": [], "start_line": 99}, "StatsCommand.execute": {"executed_lines": [111, 112, 115, 116, 119, 120, 121, 123, 124, 125, 130, 132, 133, 134, 136, 137, 138, 140, 141, 142, 144, 145, 146, 147, 148, 149, 151, 152, 153, 154, 156, 157, 158, 161, 162, 165, 166, 170], "summary": {"covered_lines": 38, "num_statements": 41, "percent_covered": 92.6829268292683, "percent_covered_display": "93", "missing_lines": 3, "excluded_lines": 0, "percent_statements_covered": 92.6829268292683, "percent_statements_covered_display": "93"}, "missing_lines": [126, 127, 129], "excluded_lines": [], "start_line": 110}, "DueCommand.add_arguments": {"executed_lines": [180, 183], "summary": {"covered_lines": 2, "num_statements": 2, "percent_covered": 100.0, "percent_covered_display": "100", "missing_lines": 0, "excluded_lines": 0, "percent_statements_covered": 100.0, "percent_statements_covered_display": "100"}, "missing_lines": [], "excluded_lines": [], "start_line": 179}, "DueCommand.execute": {"executed_lines": [193, 194, 196, 200, 202, 203, 204, 205, 206, 207, 208, 209, 210, 211, 213, 214, 218, 225, 226, 227, 229, 231, 232, 233, 234, 236, 241, 243, 244, 245, 247, 248, 249, 250, 251, 252, 253, 255, 257, 261, 262, 263, 264, 265], "summary": {"covered_lines": 44, "num_statements": 52, "percent_covered": 84.61538461538461, "percent_covered_display": "85", "missing_lines": 8, "excluded_lines": 0, "percent_statements_covered": 84.61538461538461, "percent_statements_covered_display": "85"}, "missing_lines": [197, 198, 215, 216, 219, 220, 222, 223], "excluded_lines": [], "start_line": 192}, "": {"executed_lines": [7, 8, 10, 11, 12, 15, 18, 19, 21, 40, 93, 96, 97, 99, 110, 173, 176, 177, 179, 192], "summary": {"covered_lines": 20, "num_statements": 20, "percent_covered": 100.0, "percent_covered_display": "100", "missing_lines": 0, "excluded_lines": 0, "percent_statements_covered": 100.0, "percent_statements_covered_display": "100"}, "missing_lines": [], "excluded_lines": [], "start_line": 1}}, "classes": {"ListCommand": {"executed_lines": [22, 23, 31, 41, 42, 45, 46, 49, 50, 51, 53, 54, 55, 60, 63, 64, 65, 67, 73, 74, 75, 76, 77, 78, 79, 80, 81, 82, 83, 86, 89, 90], "summary": {"covered_lines": 32, "num_statements": 35, "percent_covered": 91.42857142857143, "percent_covered_display": "91", "missing_lines": 3, "excluded_lines": 0, "percent_statements_covered": 91.42857142857143, "percent_statements_covered_display": "91"}, "missing_lines": [56, 57, 59], "excluded_lines": [], "start_line": 15}, "StatsCommand": {"executed_lines": [100, 101, 111, 112, 115, 116, 119, 120, 121, 123, 124, 125, 130, 132, 133, 134, 136, 137, 138, 140, 141, 142, 144, 145, 146, 147, 148, 149, 151, 152, 153, 154, 156, 157, 158, 161, 162, 165, 166, 170], "summary": {"covered_lines": 40, "num_statements": 43, "percent_covered": 93.02325581395348, "percent_covered_display": "93", "missing_lines": 3, "excluded_lines": 0, "percent_statements_covered": 93.02325581395348, "percent_statements_covered_display": "93"}, "missing_lines": [126, 127, 129], "excluded_lines": [], "start_line": 93}, "DueCommand": {"executed_lines": [180, 183, 193, 194, 196, 200, 202, 203, 204, 205, 206, 207, 208, 209, 210, 211, 213, 214, 218, 225, 226, 227, 229, 231, 232, 233, 234, 236, 241, 243, 244, 245, 247, 248, 249, 250, 251, 252, 253, 255, 257, 261, 262, 263, 264, 265], "summary": {"covered_lines": 46, "num_statements": 54, "percent_covered": 85.18518518518519, "percent_covered_display": "85", "missing_lines": 8, "excluded_lines": 0, "percent_statements_covered": 85.18518518518519, "percent_statements_covered_display": "85"}, "missing_lines": [197, 198, 215, 216, 219, 220, 222, 223], "excluded_lines": [], "start_line": 173}, "": {"executed_lines": [7, 8, 10, 11, 12, 15, 18, 19, 21, 40, 93, 96, 97, 99, 110, 173, 176, 177, 179, 192], "summary": {"covered_lines": 20, "num_statements": 20, "percent_covered": 100.0, "percent_covered_display": "100", "missing_lines": 0, "excluded_lines": 0, "percent_statements_covered": 100.0, "percent_statements_covered_display": "100"}, "missing_lines": [], "excluded_lines": [], "start_line": 1}}}, "commands/task_commands.py": {"executed_lines": [7, 8, 10, 11, 12, 15, 18, 19, 21, 22, 23, 25, 27, 29, 32, 33, 36, 37, 38, 41, 50, 51, 54, 57, 58, 60, 61, 63, 64, 65, 67, 68, 74, 77, 80, 81, 83, 84, 86, 87, 89, 92, 95, 98, 99, 101, 102, 103, 106, 107, 108, 110, 111, 117, 120, 123, 124, 126, 127, 128, 130, 131, 132, 134, 135, 141, 144, 147, 148, 150, 151, 152, 154, 155, 156, 158, 159, 165, 168, 171, 172, 174, 175, 177, 180], "summary": {"covered_lines": 85, "num_statements": 117, "percent_covered": 72.64957264957265, "percent_covered_display": "73", "missing_lines": 32, "excluded_lines": 0, "percent_statements_covered": 72.64957264957265, "percent_statements_covered_display": "73"}, "missing_lines": [69, 70, 71, 72, 90, 112, 113, 114, 115, 136, 137, 138, 139, 160, 161, 162, 163, 181, 183, 185, 186, 187, 188, 189, 190, 191, 193, 195, 196, 198, 201, 202], "excluded_lines": [], "functions": {"AddCommand.add_arguments": {"executed_lines": [22, 23, 25, 27, 29], "summary": {"covered_lines": 5, "num_statements": 5, "percent_covered": 100.0, "percent_covered_display": "100", "missing_lines": 0, "excluded_lines": 0, "percent_statements_covered": 100.0, "percent_statements_covered_display": "100"}, "missing_lines": [], "excluded_lines": [], "start_line": 21}, "AddCommand.execute": {"executed_lines": [33, 36, 37, 38, 41, 50, 51], "summary": {"covered_lines": 7, "num_statements": 7, "percent_covered": 100.0, "percent_covered_display": "100", "missing_lines": 0, "excluded_lines": 0, "percent_statements_covered": 100.0, "percent_statements_covered_display": "100"}, "missing_lines": [], "excluded_lines": [], "start_line": 32}, "DoneCommand.add_arguments": {"executed_lines": [61], "summary": {"covered_lines": 1, "num_statements": 1, "percent_covered": 100.0, "percent_covered_display": "100", "missing_lines": 0, "excluded_lines": 0, "percent_statements_covered": 100.0, "percent_statements_covered_display": "100"}, "missing_lines": [], "excluded_lines": [], "start_line": 60}, "DoneCommand.execute": {"executed_lines": [64, 65, 67, 68, 74], "summary": {"covered_lines": 5, "num_statements": 9, "percent_covered": 55.55555555555556, "percent_covered_display": "56", "missing_lines": 4, "excluded_lines": 0, "percent_statements_covered": 55.55555555555556, "percent_statements_covered_display": "56"}, "missing_lines": [69, 70, 71, 72], "excluded_lines": [], "start_line": 63}, "DeleteCommand.add_arguments": {"executed_lines": [84], "summary": {"covered_lines": 1, "num_statements": 1, "percent_covered": 100.0, "percent_covered_display": "100", "missing_lines": 0, "excluded_lines": 0, "percent_statements_covered": 100.0, "percent_statements_covered_display": "100"}, "missing_lines": [], "excluded_lines": [], "start_line": 83}, "DeleteCommand.execute": {"executed_lines": [87, 89, 92], "summary": {"covered_lines": 3, "num_statements": 4, "percent_covered": 75.0, "percent_covered_display": "75", "missing_lines": 1, "excluded_lines": 0, "percent_statements_covered": 75.0, "percent_statements_covered_display": "75"}, "missing_lines": [90], "excluded_lines": [], "start_line": 86}, "SetPriorityCommand.add_arguments": {"executed_lines": [102, 103], "summary": {"covered_lines": 2, "num_statements": 2, "percent_covered": 100.0, "percent_covered_display": "100", "missing_lines": 0, "excluded_lines": 0, "percent_statements_covered": 100.0, "percent_statements_covered_display": "100"}, "missing_lines": [], "excluded_lines": [], "start_line": 101}, "SetPriorityCommand.execute": {"executed_lines": [107, 108, 110, 111, 117], "summary": {"covered_lines": 5, "num_statements": 9, "percent_covered": 55.55555555555556, "percent_covered_display": "56", "missing_lines": 4, "excluded_lines": 0, "percent_statements_covered": 55.55555555555556, "percent_statements_covered_display": "56"}, "missing_lines": [112, 113, 114, 115], "excluded_lines": [], "start_line": 106}, "AddTagCommand.add_arguments": {"executed_lines": [127, 128], "summary": {"covered_lines": 2, "num_statements": 2, "percent_covered": 100.0, "percent_covered_display": "100", "missing_lines": 0, "excluded_lines": 0, "percent_statements_covered": 100.0, "percent_statements_covered_display": "100"}, "missing_lines": [], "excluded_lines": [], "start_line": 126}, "AddTagCommand.execute": {"executed_lines": [131, 132, 134, 135, 141], "summary": {"covered_lines": 5, "num_statements": 9, "percent_covered": 55.55555555555556, "percent_covered_display": "56", "missing_lines": 4, "excluded_lines": 0, "percent_statements_covered": 55.55555555555556, "percent_statements_covered_display": "56"}, "missing_lines": [136, 137, 138, 139], "excluded_lines": [], "start_line": 130}, "RemoveTagCommand.add_arguments": {"executed_lines": [151, 152], "summary": {"covered_lines": 2, "num_statements": 2, "percent_covered": 100.0, "percent_covered_display": "100", "missing_lines": 0, "excluded_lines": 0, "percent_statements_covered": 100.0, "percent_statements_covered_display": "100"}, "missing_lines": [], "excluded_lines": [], "start_line": 150}, "RemoveTagCommand.execute": {"executed_lines": [155, 156, 158, 159, 165], "summary": {"covered_lines": 5, "num_statements": 9, "percent_covered": 55.55555555555556, "percent_covered_display": "56", "missing_lines": 4, "excluded_lines": 0, "percent_statements_covered": 55.55555555555556, "percent_statements_covered_display": "56"}, "missing_lines": [160, 161, 162, 163], "excluded_lines": [], "start_line": 154}, "CleanupCommand.add_arguments": {"executed_lines": [175, 177], "summary": {"covered_lines": 2, "num_statements": 2, "percent_covered": 100.0, "percent_covered_display": "100", "missing_lines": 0, "excluded_lines": 0, "percent_statements_covered": 100.0, "percent_statements_covered_display": "100"}, "missing_lines": [], "excluded_lines": [], "start_line": 174}, "CleanupCommand.execute": {"executed_lines": [], "summary": {"covered_lines": 0, "num_statements": 15, "percent_covered": 0.0, "percent_covered_display": "0", "missing_lines": 15, "excluded_lines": 0, "percent_statements_covered": 0.0, "percent_statements_covered_display": "0"}, "missing_lines": [181, 183, 185, 186, 187, 188, 189, 190, 191, 193, 195, 196, 198, 201, 202], "excluded_lines": [], "start_line": 180}, "": {"executed_lines": [7, 8, 10, 11, 12, 15, 18, 19, 21, 32, 54, 57, 58, 60, 63, 77, 80, 81, 83, 86, 95, 98, 99, 101, 106, 120, 123, 124, 126, 130, 144, 147, 148, 150, 154, 168, 171, 172, 174, 180], "summary": {"covered_lines": 40, "num_statements": 40, "percent_covered": 100.0, "percent_covered_display": "100", "missing_lines": 0, "excluded_lines": 0, "percent_statements_covered": 100.0, "percent_statements_covered_display": "100"}, "missing_lines": [], "excluded_lines": [], "start_line": 1}}, "classes": {"AddCommand": {"executed_lines": [22, 23, 25, 27, 29, 33, 36, 37, 38, 41, 50, 51], "summary": {"covered_lines": 12, "num_statements": 12, "percent_covered": 100.0, "percent_covered_display": "100", "missing_lines": 0, "excluded_lines": 0, "percent_statements_covered": 100.0, "percent_statements_covered_display": "100"}, "missing_lines": [], "excluded_lines": [], "start_line": 15}, "DoneCommand": {"executed_lines": [61, 64, 65, 67, 68, 74], "summary": {"covered_lines": 6, "num_statements": 10, "percent_covered": 60.0, "percent_covered_display": "60", "missing_lines": 4, "excluded_lines": 0, "percent_statements_covered": 60.0, "percent_statements_covered_display": "60"}, "missing_lines": [69, 70, 71, 72], "excluded_lines": [], "start_line": 54}, "DeleteCommand": {"executed_lines": [84, 87, 89, 92], "summary": {"covered_lines": 4, "num_statements": 5, "percent_covered": 80.0, "percent_covered_display": "80", "missing_lines": 1, "excluded_lines": 0, "percent_statements_covered": 80.0, "percent_statements_covered_display": "80"}, "missing_lines": [90], "excluded_lines": [], "start_line": 77}, "SetPriorityCommand": {"executed_lines": [102, 103, 107, 108, 110, 111, 117], "summary": {"covered_lines": 7, "num_statements": 11, "percent_covered": 63.63636363636363, "percent_covered_display": "64", "missing_lines": 4, "excluded_lines": 0, "percent_statements_covered": 63.63636363636363, "percent_statements_covered_display": "64"}, "missing_lines": [112, 113, 114, 115], "excluded_lines": [], "start_line": 95}, "AddTagCommand": {"executed_lines": [127, 128, 131, 132, 134, 135, 141], "summary": {"covered_lines": 7, "num_statements": 11, "percent_covered": 63.63636363636363, "percent_covered_display": "64", "missing_lines": 4, "excluded_lines": 0, "percent_statements_covered": 63.63636363636363, "percent_statements_covered_display": "64"}, "missing_lines": [136, 137, 138, 139], "excluded_lines": [], "start_line": 120}, "RemoveTagCommand": {"executed_lines": [151, 152, 155, 156, 158, 159, 165], "summary": {"covered_lines": 7, "num_statements": 11, "percent_covered": 63.63636363636363, "percent_covered_display": "64", "missing_lines": 4, "excluded_lines": 0, "percent_statements_covered": 63.63636363636363, "percent_statements_covered_display": "64"}, "missing_lines": [160, 161, 162, 163], "excluded_lines": [], "start_line": 144}, "CleanupCommand": {"executed_lines": [175, 177], "summary": {"covered_lines": 2, "num_statements": 17, "percent_covered": 11.764705882352942, "percent_covered_display": "12", "missing_lines": 15, "excluded_lines": 0, "percent_statements_covered": 11.764705882352942, "percent_statements_covered_display": "12"}, "missing_lines": [181, 183, 185, 186, 187, 188, 189, 190, 191, 193, 195, 196, 198, 201, 202], "excluded_lines": [], "start_line": 168}, "": {"executed_lines": [7, 8, 10, 11, 12, 15, 18, 19, 21, 32, 54, 57, 58, 60, 63, 77, 80, 81, 83, 86, 95, 98, 99, 101, 106, 120, 123, 124, 126, 130, 144, 147, 148, 150, 154, 168, 171, 172, 174, 180], "summary": {"covered_lines": 40, "num_statements": 40, "percent_covered": 100.0, "percent_covered_display": "100", "missing_lines": 0, "excluded_lines": 0, "percent_statements_covered": 100.0, "percent_statements_covered_display": "100"}, "missing_lines": [], "excluded_lines": [], "start_line": 1}}}, "core/__init__.py": {"executed_lines": [6, 8], "summary": {"covered_lines": 2, "num_statements": 2, "percent_covered": 100.0, "percent_covered_display": "100", "missing_lines": 0, "excluded_lines": 0, "percent_statements_covered": 100.0, "percent_statements_covered_display": "100"}, "missing_lines": [], "excluded_lines": [], "functions": {"": {"executed_lines": [6, 8], "summary": {"covered_lines": 2, "num_statements": 2, "percent_covered": 100.0, "percent_covered_display": "100", "missing_lines": 0, "excluded_lines": 0, "percent_statements_covered": 100.0, "percent_statements_covered_display": "100"}, "missing_lines": [], "excluded_lines": [], "start_line": 1}}, "classes": {"": {"executed_lines": [6, 8], "summary": {"covered_lines": 2, "num_statements": 2, "percent_covered": 100.0, "percent_covered_display": "100", "missing_lines": 0, "excluded_lines": 0, "percent_statements_covered": 100.0, "percent_statements_covered_display": "100"}, "missing_lines": [], "excluded_lines": [], "start_line": 1}}}, "core/models.py": {"executed_lines": [7, 8, 9, 10, 13, 21, 22, 23, 25, 28, 29, 31, 36, 39, 40, 57, 58, 59, 60, 61, 62, 63, 64, 65, 67, 70, 74, 75, 76, 79, 80, 83, 87, 90, 92, 94, 95, 97, 98, 101, 102, 103, 106, 109, 111, 113, 118, 123, 129, 134, 138, 142, 143, 147, 148, 157, 161, 163], "summary": {"covered_lines": 58, "num_statements": 77, "percent_covered": 75.32467532467533, "percent_covered_display": "75", "missing_lines": 19, "excluded_lines": 0, "percent_statements_covered": 75.32467532467533, "percent_statements_covered_display": "75"}, "missing_lines": [26, 71, 84, 88, 115, 116, 120, 121, 125, 126, 127, 131, 132, 136, 140, 145, 150, 155, 159], "excluded_lines": [], "functions": {"Priority.__str__": {"executed_lines": [], "summary": {"covered_lines": 0, "num_statements": 1, "percent_covered": 0.0, "percent_covered_display": "0", "missing_lines": 1, "excluded_lines": 0, "percent_statements_covered": 0.0, "percent_statements_covered_display": "0"}, "missing_lines": [26], "excluded_lines": [], "start_line": 25}, "Priority.from_string": {"executed_lines": [31, 36], "summary": {"covered_lines": 2, "num_statements": 2, "percent_covered": 100.0, "percent_covered_display": "100", "missing_lines": 0, "excluded_lines": 0, "percent_statements_covered": 100.0, "percent_statements_covered_display": "100"}, "missing_lines": [], "excluded_lines": [], "start_line": 29}, "Task.__post_init__": {"executed_lines": [70, 74, 75, 76, 79, 80, 83, 87], "summary": {"covered_lines": 8, "num_statements": 11, "percent_covered": 72.72727272727273, "percent_covered_display": "73", "missing_lines": 3, "excluded_lines": 0, "percent_statements_covered": 72.72727272727273, "percent_statements_covered_display": "73"}, "missing_lines": [71, 84, 88], "excluded_lines": [], "start_line": 67}, "Task.to_dict": {"executed_lines": [92, 94, 95], "summary": {"covered_lines": 3, "num_statements": 3, "percent_covered": 100.0, "percent_covered_display": "100", "missing_lines": 0, "excluded_lines": 0, "percent_statements_covered": 100.0, "percent_statements_covered_display": "100"}, "missing_lines": [], "excluded_lines": [], "start_line": 90}, "Task.from_dict": {"executed_lines": [101, 102, 103, 106, 109, 111], "summary": {"covered_lines": 6, "num_statements": 6, "percent_covered": 100.0, "percent_covered_display": "100", "missing_lines": 0, "excluded_lines": 0, "percent_statements_covered": 100.0, "percent_statements_covered_display": "100"}, "missing_lines": [], "excluded_lines": [], "start_line": 98}, "Task.mark_done": {"executed_lines": [], "summary": {"covered_lines": 0, "num_statements": 2, "percent_covered": 0.0, "percent_covered_display": "0", "missing_lines": 2, "excluded_lines": 0, "percent_statements_covered": 0.0, "percent_statements_covered_display": "0"}, "missing_lines": [115, 116], "excluded_lines": [], "start_line": 113}, "Task.mark_undone": {"executed_lines": [], "summary": {"covered_lines": 0, "num_statements": 2, "percent_covered": 0.0, "percent_covered_display": "0", "missing_lines": 2, "excluded_lines": 0, "percent_statements_covered": 0.0, "percent_statements_covered_display": "0"}, "missing_lines": [120, 121], "excluded_lines": [], "start_line": 118}, "Task.add_tag": {"executed_lines": [], "summary": {"covered_lines": 0, "num_statements": 3, "percent_covered": 0.0, "percent_covered_display": "0", "missing_lines": 3, "excluded_lines": 0, "percent_statements_covered": 0.0, "percent_statements_covered_display": "0"}, "missing_lines": [125, 126, 127], "excluded_lines": [], "start_line": 123}, "Task.remove_tag": {"executed_lines": [], "summary": {"covered_lines": 0, "num_statements": 2, "percent_covered": 0.0, "percent_covered_display": "0", "missing_lines": 2, "excluded_lines": 0, "percent_statements_covered": 0.0, "percent_statements_covered_display": "0"}, "missing_lines": [131, 132], "excluded_lines": [], "start_line": 129}, "Task.set_priority": {"executed_lines": [], "summary": {"covered_lines": 0, "num_statements": 1, "percent_covered": 0.0, "percent_covered_display": "0", "missing_lines": 1, "excluded_lines": 0, "percent_statements_covered": 0.0, "percent_statements_covered_display": "0"}, "missing_lines": [136], "excluded_lines": [], "start_line": 134}, "Task.set_due_date": {"executed_lines": [], "summary": {"covered_lines": 0, "num_statements": 1, "percent_covered": 0.0, "percent_covered_display": "0", "missing_lines": 1, "excluded_lines": 0, "percent_statements_covered": 0.0, "percent_statements_covered_display": "0"}, "missing_lines": [140], "excluded_lines": [], "start_line": 138}, "Task.status_icon": {"executed_lines": [], "summary": {"covered_lines": 0, "num_statements": 1, "percent_covered": 0.0, "percent_covered_display": "0", "missing_lines": 1, "excluded_lines": 0, "percent_statements_covered": 0.0, "percent_statements_covered_display": "0"}, "missing_lines": [145], "excluded_lines": [], "start_line": 143}, "Task.priority_icon": {"executed_lines": [], "summary": {"covered_lines": 0, "num_statements": 2, "percent_covered": 0.0, "percent_covered_display": "0", "missing_lines": 2, "excluded_lines": 0, "percent_statements_covered": 0.0, "percent_statements_covered_display": "0"}, "missing_lines": [150, 155], "excluded_lines": [], "start_line": 148}, "Task.__str__": {"executed_lines": [], "summary": {"covered_lines": 0, "num_statements": 1, "percent_covered": 0.0, "percent_covered_display": "0", "missing_lines": 1, "excluded_lines": 0, "percent_statements_covered": 0.0, "percent_statements_covered_display": "0"}, "missing_lines": [159], "excluded_lines": [], "start_line": 157}, "Task.__repr__": {"executed_lines": [163], "summary": {"covered_lines": 1, "num_statements": 1, "percent_covered": 100.0, "percent_covered_display": "100", "missing_lines": 0, "excluded_lines": 0, "percent_statements_covered": 100.0, "percent_statements_covered_display": "100"}, "missing_lines": [], "excluded_lines": [], "start_line": 161}, "": {"executed_lines": [7, 8, 9, 10, 13, 21, 22, 23, 25, 28, 29, 39, 40, 57, 58, 59, 60, 61, 62, 63, 64, 65, 67, 90, 97, 98, 113, 118, 123, 129, 134, 138, 142, 143, 147, 148, 157, 161], "summary": {"covered_lines": 38, "num_statements": 38, "percent_covered": 100.0, "percent_covered_display": "100", "missing_lines": 0, "excluded_lines": 0, "percent_statements_covered": 100.0, "percent_statements_covered_display": "100"}, "missing_lines": [], "excluded_lines": [], "start_line": 1}}, "classes": {"Priority": {"executed_lines": [31, 36], "summary": {"covered_lines": 2, "num_statements": 3, "percent_covered": 66.66666666666667, "percent_covered_display": "67", "missing_lines": 1, "excluded_lines": 0, "percent_statements_covered": 66.66666666666667, "percent_statements_covered_display": "67"}, "missing_lines": [26], "excluded_lines": [], "start_line": 13}, "Task": {"executed_lines": [70, 74, 75, 76, 79, 80, 83, 87, 92, 94, 95, 101, 102, 103, 106, 109, 111, 163], "summary": {"covered_lines": 18, "num_statements": 36, "percent_covered": 50.0, "percent_covered_display": "50", "missing_lines": 18, "excluded_lines": 0, "percent_statements_covered": 50.0, "percent_statements_covered_display": "50"}, "missing_lines": [71, 84, 88, 115, 116, 120, 121, 125, 126, 127, 131, 132, 136, 140, 145, 150, 155, 159], "excluded_lines": [], "start_line": 40}, "": {"executed_lines": [7, 8, 9, 10, 13, 21, 22, 23, 25, 28, 29, 39, 40, 57, 58, 59, 60, 61, 62, 63, 64, 65, 67, 90, 97, 98, 113, 118, 123, 129, 134, 138, 142, 143, 147, 148, 157, 161], "summary": {"covered_lines": 38, "num_statements": 38, "percent_covered": 100.0, "percent_covered_display": "100", "missing_lines": 0, "excluded_lines": 0, "percent_statements_covered": 100.0, "percent_statements_covered_display": "100"}, "missing_lines": [], "excluded_lines": [], "start_line": 1}}}, "core/storage.py": {"executed_lines": [7, 8, 9, 10, 12, 15, 21, 22, 26, 27, 31, 32, 37, 45, 51, 52, 54, 55, 57, 58, 61, 63, 66, 68, 69, 70, 74, 76, 77, 79, 88, 89, 91, 92, 93, 94, 96, 98, 100, 101, 103, 110, 111, 112, 114, 123, 129, 134, 135, 136, 138, 159, 169, 170, 171, 172, 173, 174, 177, 178, 179, 184, 186, 192, 193, 195, 197, 208], "summary": {"covered_lines": 68, "num_statements": 103, "percent_covered": 66.01941747572816, "percent_covered_display": "66", "missing_lines": 35, "excluded_lines": 0, "percent_statements_covered": 66.01941747572816, "percent_statements_covered_display": "66"}, "missing_lines": [24, 29, 34, 62, 64, 71, 72, 120, 121, 130, 131, 132, 144, 145, 146, 147, 148, 149, 150, 152, 153, 154, 155, 156, 157, 180, 181, 182, 194, 203, 204, 205, 206, 210, 211], "excluded_lines": [], "functions": {"Storage.load": {"executed_lines": [], "summary": {"covered_lines": 0, "num_statements": 1, "percent_covered": 0.0, "percent_covered_display": "0", "missing_lines": 1, "excluded_lines": 0, "percent_statements_covered": 0.0, "percent_statements_covered_display": "0"}, "missing_lines": [24], "excluded_lines": [], "start_line": 22}, "Storage.save": {"executed_lines": [], "summary": {"covered_lines": 0, "num_statements": 1, "percent_covered": 0.0, "percent_covered_display": "0", "missing_lines": 1, "excluded_lines": 0, "percent_statements_covered": 0.0, "percent_statements_covered_display": "0"}, "missing_lines": [29], "excluded_lines": [], "start_line": 27}, "Storage.clear_test_tasks": {"executed_lines": [], "summary": {"covered_lines": 0, "num_statements": 1, "percent_covered": 0.0, "percent_covered_display": "0", "missing_lines": 1, "excluded_lines": 0, "percent_statements_covered": 0.0, "percent_statements_covered_display": "0"}, "missing_lines": [34], "excluded_lines": [], "start_line": 32}, "JSONStorage.__init__": {"executed_lines": [51, 52, 54, 55, 57, 58, 61, 63], "summary": {"covered_lines": 8, "num_statements": 10, "percent_covered": 80.0, "percent_covered_display": "80", "missing_lines": 2, "excluded_lines": 0, "percent_statements_covered": 80.0, "percent_statements_covered_display": "80"}, "missing_lines": [62, 64], "excluded_lines": [], "start_line": 45}, "JSONStorage._read_json": {"executed_lines": [68, 69, 70], "summary": {"covered_lines": 3, "num_statements": 5, "percent_covered": 60.0, "percent_covered_display": "60", "missing_lines": 2, "excluded_lines": 0, "percent_statements_covered": 60.0, "percent_statements_covered_display": "60"}, "missing_lines": [71, 72], "excluded_lines": [], "start_line": 66}, "JSONStorage._write_json": {"executed_lines": [76, 77], "summary": {"covered_lines": 2, "num_statements": 2, "percent_covered": 100.0, "percent_covered_display": "100", "missing_lines": 0, "excluded_lines": 0, "percent_statements_covered": 100.0, "percent_statements_covered_display": "100"}, "missing_lines": [], "excluded_lines": [], "start_line": 74}, "JSONStorage.load": {"executed_lines": [88, 89, 91, 92, 93, 94, 96], "summary": {"covered_lines": 7, "num_statements": 7, "percent_covered": 100.0, "percent_covered_display": "100", "missing_lines": 0, "excluded_lines": 0, "percent_statements_covered": 100.0, "percent_statements_covered_display": "100"}, "missing_lines": [], "excluded_lines": [], "start_line": 79}, "JSONStorage.load_test_tasks": {"executed_lines": [100, 101], "summary": {"covered_lines": 2, "num_statements": 2, "percent_covered": 100.0, "percent_covered_display": "100", "missing_lines": 0, "excluded_lines": 0, "percent_statements_covered": 100.0, "percent_statements_covered_display": "100"}, "missing_lines": [], "excluded_lines": [], "start_line": 98}, "JSONStorage.save": {"executed_lines": [110, 111, 112], "summary": {"covered_lines": 3, "num_statements": 3, "percent_covered": 100.0, "percent_covered_display": "100", "missing_lines": 0, "excluded_lines": 0, "percent_statements_covered": 100.0, "percent_statements_covered_display": "100"}, "missing_lines": [], "excluded_lines": [], "start_line": 103}, "JSONStorage.save_test_tasks": {"executed_lines": [], "summary": {"covered_lines": 0, "num_statements": 2, "percent_covered": 0.0, "percent_covered_display": "0", "missing_lines": 2, "excluded_lines": 0, "percent_statements_covered": 0.0, "percent_statements_covered_display": "0"}, "missing_lines": [120, 121], "excluded_lines": [], "start_line": 114}, "JSONStorage.add_task": {"executed_lines": [129, 134, 135, 136], "summary": {"covered_lines": 4, "num_statements": 7, "percent_covered": 57.142857142857146, "percent_covered_display": "57", "missing_lines": 3, "excluded_lines": 0, "percent_statements_covered": 57.142857142857146, "percent_statements_covered_display": "57"}, "missing_lines": [130, 131, 132], "excluded_lines": [], "start_line": 123}, "JSONStorage.update_task": {"executed_lines": [], "summary": {"covered_lines": 0, "num_statements": 13, "percent_covered": 0.0, "percent_covered_display": "0", "missing_lines": 13, "excluded_lines": 0, "percent_statements_covered": 0.0, "percent_statements_covered_display": "0"}, "missing_lines": [144, 145, 146, 147, 148, 149, 150, 152, 153, 154, 155, 156, 157], "excluded_lines": [], "start_line": 138}, "JSONStorage.delete_task": {"executed_lines": [169, 170, 171, 172, 173, 174, 177, 178, 179, 184], "summary": {"covered_lines": 10, "num_statements": 13, "percent_covered": 76.92307692307692, "percent_covered_display": "77", "missing_lines": 3, "excluded_lines": 0, "percent_statements_covered": 76.92307692307692, "percent_statements_covered_display": "77"}, "missing_lines": [180, 181, 182], "excluded_lines": [], "start_line": 159}, "JSONStorage.get_next_id": {"executed_lines": [192, 193, 195], "summary": {"covered_lines": 3, "num_statements": 4, "percent_covered": 75.0, "percent_covered_display": "75", "missing_lines": 1, "excluded_lines": 0, "percent_statements_covered": 75.0, "percent_statements_covered_display": "75"}, "missing_lines": [194], "excluded_lines": [], "start_line": 186}, "JSONStorage.clear_test_tasks": {"executed_lines": [], "summary": {"covered_lines": 0, "num_statements": 4, "percent_covered": 0.0, "percent_covered_display": "0", "missing_lines": 4, "excluded_lines": 0, "percent_statements_covered": 0.0, "percent_statements_covered_display": "0"}, "missing_lines": [203, 204, 205, 206], "excluded_lines": [], "start_line": 197}, "JSONStorage.clear_all": {"executed_lines": [], "summary": {"covered_lines": 0, "num_statements": 2, "percent_covered": 0.0, "percent_covered_display": "0", "missing_lines": 2, "excluded_lines": 0, "percent_statements_covered": 0.0, "percent_statements_covered_display": "0"}, "missing_lines": [210, 211], "excluded_lines": [], "start_line": 208}, "": {"executed_lines": [7, 8, 9, 10, 12, 15, 21, 22, 26, 27, 31, 32, 37, 45, 66, 74, 79, 98, 103, 114, 123, 138, 159, 186, 197, 208], "summary": {"covered_lines": 26, "num_statements": 26, "percent_covered": 100.0, "percent_covered_display": "100", "missing_lines": 0, "excluded_lines": 0, "percent_statements_covered": 100.0, "percent_statements_covered_display": "100"}, "missing_lines": [], "excluded_lines": [], "start_line": 1}}, "classes": {"Storage": {"executed_lines": [], "summary": {"covered_lines": 0, "num_statements": 3, "percent_covered": 0.0, "percent_covered_display": "0", "missing_lines": 3, "excluded_lines": 0, "percent_statements_covered": 0.0, "percent_statements_covered_display": "0"}, "missing_lines": [24, 29, 34], "excluded_lines": [], "start_line": 15}, "JSONStorage": {"executed_lines": [51, 52, 54, 55, 57, 58, 61, 63, 68, 69, 70, 76, 77, 88, 89, 91, 92, 93, 94, 96, 100, 101, 110, 111, 112, 129, 134, 135, 136, 169, 170, 171, 172, 173, 174, 177, 178, 179, 184, 192, 193, 195], "summary": {"covered_lines": 42, "num_statements": 74, "percent_covered": 56.75675675675676, "percent_covered_display": "57", "missing_lines": 32, "excluded_lines": 0, "percent_statements_covered": 56.75675675675676, "percent_statements_covered_display": "57"}, "missing_lines": [62, 64, 71, 72, 120, 121, 130, 131, 132, 144, 145, 146, 147, 148, 149, 150, 152, 153, 154, 155, 156, 157, 180, 181, 182, 194, 203, 204, 205, 206, 210, 211], "excluded_lines": [], "start_line": 37}, "": {"executed_lines": [7, 8, 9, 10, 12, 15, 21, 22, 26, 27, 31, 32, 37, 45, 66, 74, 79, 98, 103, 114, 123, 138, 159, 186, 197, 208], "summary": {"covered_lines": 26, "num_statements": 26, "percent_covered": 100.0, "percent_covered_display": "100", "missing_lines": 0, "excluded_lines": 0, "percent_statements_covered": 100.0, "percent_statements_covered_display": "100"}, "missing_lines": [], "excluded_lines": [], "start_line": 1}}}, "test_add_task.py": {"executed_lines": [7, 8, 9, 10, 11, 12, 13, 16, 19, 22, 24, 34, 39, 50, 68, 79, 90, 110, 122, 135, 138, 140, 141, 142, 145, 147, 150, 152, 158, 160, 161, 163, 164, 167, 169, 170, 172, 173, 176, 178, 179, 181, 182, 185, 187, 189, 190, 194, 196, 198, 199, 202, 204, 206, 207, 210, 212, 214, 215, 219, 222, 224, 225, 226, 229, 231, 234, 236, 238, 247, 249, 250, 252, 260, 262, 263, 264, 266, 267, 268, 270, 279, 282, 284, 285, 286, 289, 291, 294, 296, 297, 298, 300, 301, 305, 307, 308, 309, 311, 312, 316, 319, 321, 322, 323, 326, 328, 329, 331, 333, 338, 339, 341, 343, 344, 348, 350, 361, 362, 364, 366, 367, 373, 376, 378, 379, 380, 383, 385, 388, 390, 392, 393, 394, 396, 397, 401, 403, 405, 406, 407, 409, 410, 413, 415, 417, 418, 419, 421, 422, 425, 427, 429, 430, 431, 433, 434, 437, 439, 441, 442, 443, 445, 446, 449, 451, 453, 454, 455, 457, 458, 461, 463, 465, 466, 467, 469, 470, 473, 475, 487, 488, 489, 491, 492, 500], "summary": {"covered_lines": 186, "num_statements": 313, "percent_covered": 59.424920127795524, "percent_covered_display": "59", "missing_lines": 127, "excluded_lines": 0, "percent_statements_covered": 59.424920127795524, "percent_statements_covered_display": "59"}, "missing_lines": [25, 26, 28, 29, 30, 31, 32, 36, 37, 41, 43, 44, 45, 46, 47, 48, 52, 58, 59, 61, 62, 64, 65, 66, 70, 71, 73, 74, 75, 76, 77, 81, 82, 84, 85, 86, 87, 88, 92, 93, 94, 95, 97, 99, 100, 101, 102, 103, 104, 105, 106, 107, 108, 112, 113, 114, 116, 117, 119, 120, 124, 125, 126, 128, 129, 131, 132, 143, 148, 154, 155, 156, 165, 174, 183, 192, 200, 208, 216, 227, 232, 239, 241, 242, 243, 244, 245, 253, 255, 256, 257, 258, 271, 273, 274, 275, 276, 287, 292, 302, 303, 313, 324, 345, 346, 368, 369, 370, 381, 386, 398, 399, 411, 423, 435, 447, 459, 471, 493, 494, 495, 496, 497, 501, 502, 503, 504], "excluded_lines": [], "functions": {"TestAddTaskFunctionality.setUp": {"executed_lines": [24], "summary": {"covered_lines": 1, "num_statements": 8, "percent_covered": 12.5, "percent_covered_display": "12", "missing_lines": 7, "excluded_lines": 0, "percent_statements_covered": 12.5, "percent_statements_covered_display": "12"}, "missing_lines": [25, 26, 28, 29, 30, 31, 32], "excluded_lines": [], "start_line": 22}, "TestAddTaskFunctionality.tearDown": {"executed_lines": [], "summary": {"covered_lines": 0, "num_statements": 2, "percent_covered": 0.0, "percent_covered_display": "0", "missing_lines": 2, "excluded_lines": 0, "percent_statements_covered": 0.0, "percent_statements_covered_display": "0"}, "missing_lines": [36, 37], "excluded_lines": [], "start_line": 34}, "TestAddTaskFunctionality.test_add_task_basic": {"executed_lines": [], "summary": {"covered_lines": 0, "num_statements": 7, "percent_covered": 0.0, "percent_covered_display": "0", "missing_lines": 7, "excluded_lines": 0, "percent_statements_covered": 0.0, "percent_statements_covered_display": "0"}, "missing_lines": [41, 43, 44, 45, 46, 47, 48], "excluded_lines": [], "start_line": 39}, "TestAddTaskFunctionality.test_add_task_with_priority": {"executed_lines": [], "summary": {"covered_lines": 0, "num_statements": 8, "percent_covered": 0.0, "percent_covered_display": "0", "missing_lines": 8, "excluded_lines": 0, "percent_statements_covered": 0.0, "percent_statements_covered_display": "0"}, "missing_lines": [52, 58, 59, 61, 62, 64, 65, 66], "excluded_lines": [], "start_line": 50}, "TestAddTaskFunctionality.test_add_task_with_due_date": {"executed_lines": [], "summary": {"covered_lines": 0, "num_statements": 7, "percent_covered": 0.0, "percent_covered_display": "0", "missing_lines": 7, "excluded_lines": 0, "percent_statements_covered": 0.0, "percent_statements_covered_display": "0"}, "missing_lines": [70, 71, 73, 74, 75, 76, 77], "excluded_lines": [], "start_line": 68}, "TestAddTaskFunctionality.test_add_task_with_tags": {"executed_lines": [], "summary": {"covered_lines": 0, "num_statements": 7, "percent_covered": 0.0, "percent_covered_display": "0", "missing_lines": 7, "excluded_lines": 0, "percent_statements_covered": 0.0, "percent_statements_covered_display": "0"}, "missing_lines": [81, 82, 84, 85, 86, 87, 88], "excluded_lines": [], "start_line": 79}, "TestAddTaskFunctionality.test_add_task_with_all_fields": {"executed_lines": [], "summary": {"covered_lines": 0, "num_statements": 15, "percent_covered": 0.0, "percent_covered_display": "0", "missing_lines": 15, "excluded_lines": 0, "percent_statements_covered": 0.0, "percent_statements_covered_display": "0"}, "missing_lines": [92, 93, 94, 95, 97, 99, 100, 101, 102, 103, 104, 105, 106, 107, 108], "excluded_lines": [], "start_line": 90}, "TestAddTaskFunctionality.test_add_task_auto_increment_id": {"executed_lines": [], "summary": {"covered_lines": 0, "num_statements": 7, "percent_covered": 0.0, "percent_covered_display": "0", "missing_lines": 7, "excluded_lines": 0, "percent_statements_covered": 0.0, "percent_statements_covered_display": "0"}, "missing_lines": [112, 113, 114, 116, 117, 119, 120], "excluded_lines": [], "start_line": 110}, "TestAddTaskFunctionality.test_add_task_timestamp": {"executed_lines": [], "summary": {"covered_lines": 0, "num_statements": 7, "percent_covered": 0.0, "percent_covered_display": "0", "missing_lines": 7, "excluded_lines": 0, "percent_statements_covered": 0.0, "percent_statements_covered_display": "0"}, "missing_lines": [124, 125, 126, 128, 129, 131, 132], "excluded_lines": [], "start_line": 122}, "TestAddTaskEdgeCases.setUp": {"executed_lines": [140, 141, 142], "summary": {"covered_lines": 3, "num_statements": 4, "percent_covered": 75.0, "percent_covered_display": "75", "missing_lines": 1, "excluded_lines": 0, "percent_statements_covered": 75.0, "percent_statements_covered_display": "75"}, "missing_lines": [143], "excluded_lines": [], "start_line": 138}, "TestAddTaskEdgeCases.tearDown": {"executed_lines": [147], "summary": {"covered_lines": 1, "num_statements": 2, "percent_covered": 50.0, "percent_covered_display": "50", "missing_lines": 1, "excluded_lines": 0, "percent_statements_covered": 50.0, "percent_statements_covered_display": "50"}, "missing_lines": [148], "excluded_lines": [], "start_line": 145}, "TestAddTaskEdgeCases.test_add_task_empty_content": {"executed_lines": [152], "summary": {"covered_lines": 1, "num_statements": 4, "percent_covered": 25.0, "percent_covered_display": "25", "missing_lines": 3, "excluded_lines": 0, "percent_statements_covered": 25.0, "percent_statements_covered_display": "25"}, "missing_lines": [154, 155, 156], "excluded_lines": [], "start_line": 150}, "TestAddTaskEdgeCases.test_add_task_special_characters": {"executed_lines": [160, 161, 163, 164], "summary": {"covered_lines": 4, "num_statements": 5, "percent_covered": 80.0, "percent_covered_display": "80", "missing_lines": 1, "excluded_lines": 0, "percent_statements_covered": 80.0, "percent_statements_covered_display": "80"}, "missing_lines": [165], "excluded_lines": [], "start_line": 158}, "TestAddTaskEdgeCases.test_add_task_unicode_content": {"executed_lines": [169, 170, 172, 173], "summary": {"covered_lines": 4, "num_statements": 5, "percent_covered": 80.0, "percent_covered_display": "80", "missing_lines": 1, "excluded_lines": 0, "percent_statements_covered": 80.0, "percent_statements_covered_display": "80"}, "missing_lines": [174], "excluded_lines": [], "start_line": 167}, "TestAddTaskEdgeCases.test_add_task_very_long_content": {"executed_lines": [178, 179, 181, 182], "summary": {"covered_lines": 4, "num_statements": 5, "percent_covered": 80.0, "percent_covered_display": "80", "missing_lines": 1, "excluded_lines": 0, "percent_statements_covered": 80.0, "percent_statements_covered_display": "80"}, "missing_lines": [183], "excluded_lines": [], "start_line": 176}, "TestAddTaskEdgeCases.test_add_task_empty_tags_list": {"executed_lines": [187, 189, 190], "summary": {"covered_lines": 3, "num_statements": 4, "percent_covered": 75.0, "percent_covered_display": "75", "missing_lines": 1, "excluded_lines": 0, "percent_statements_covered": 75.0, "percent_statements_covered_display": "75"}, "missing_lines": [192], "excluded_lines": [], "start_line": 185}, "TestAddTaskEdgeCases.test_add_task_none_tags": {"executed_lines": [196, 198, 199], "summary": {"covered_lines": 3, "num_statements": 4, "percent_covered": 75.0, "percent_covered_display": "75", "missing_lines": 1, "excluded_lines": 0, "percent_statements_covered": 75.0, "percent_statements_covered_display": "75"}, "missing_lines": [200], "excluded_lines": [], "start_line": 194}, "TestAddTaskEdgeCases.test_add_task_none_due_date": {"executed_lines": [204, 206, 207], "summary": {"covered_lines": 3, "num_statements": 4, "percent_covered": 75.0, "percent_covered_display": "75", "missing_lines": 1, "excluded_lines": 0, "percent_statements_covered": 75.0, "percent_statements_covered_display": "75"}, "missing_lines": [208], "excluded_lines": [], "start_line": 202}, "TestAddTaskEdgeCases.test_add_task_empty_due_date_string": {"executed_lines": [212, 214, 215], "summary": {"covered_lines": 3, "num_statements": 4, "percent_covered": 75.0, "percent_covered_display": "75", "missing_lines": 1, "excluded_lines": 0, "percent_statements_covered": 75.0, "percent_statements_covered_display": "75"}, "missing_lines": [216], "excluded_lines": [], "start_line": 210}, "TestAddTaskPersistence.setUp": {"executed_lines": [224, 225, 226], "summary": {"covered_lines": 3, "num_statements": 4, "percent_covered": 75.0, "percent_covered_display": "75", "missing_lines": 1, "excluded_lines": 0, "percent_statements_covered": 75.0, "percent_statements_covered_display": "75"}, "missing_lines": [227], "excluded_lines": [], "start_line": 222}, "TestAddTaskPersistence.tearDown": {"executed_lines": [231], "summary": {"covered_lines": 1, "num_statements": 2, "percent_covered": 50.0, "percent_covered_display": "50", "missing_lines": 1, "excluded_lines": 0, "percent_statements_covered": 50.0, "percent_statements_covered_display": "50"}, "missing_lines": [232], "excluded_lines": [], "start_line": 229}, "TestAddTaskPersistence.test_add_task_persists_to_file": {"executed_lines": [236, 238], "summary": {"covered_lines": 2, "num_statements": 8, "percent_covered": 25.0, "percent_covered_display": "25", "missing_lines": 6, "excluded_lines": 0, "percent_statements_covered": 25.0, "percent_statements_covered_display": "25"}, "missing_lines": [239, 241, 242, 243, 244, 245], "excluded_lines": [], "start_line": 234}, "TestAddTaskPersistence.test_add_multiple_tasks_persistence": {"executed_lines": [249, 250, 252], "summary": {"covered_lines": 3, "num_statements": 8, "percent_covered": 37.5, "percent_covered_display": "38", "missing_lines": 5, "excluded_lines": 0, "percent_statements_covered": 37.5, "percent_statements_covered_display": "38"}, "missing_lines": [253, 255, 256, 257, 258], "excluded_lines": [], "start_line": 247}, "TestAddTaskPersistence.test_add_task_file_encoding": {"executed_lines": [262, 263, 264, 266, 267, 268, 270], "summary": {"covered_lines": 7, "num_statements": 12, "percent_covered": 58.333333333333336, "percent_covered_display": "58", "missing_lines": 5, "excluded_lines": 0, "percent_statements_covered": 58.333333333333336, "percent_statements_covered_display": "58"}, "missing_lines": [271, 273, 274, 275, 276], "excluded_lines": [], "start_line": 260}, "TestAddTaskOutput.setUp": {"executed_lines": [284, 285, 286], "summary": {"covered_lines": 3, "num_statements": 4, "percent_covered": 75.0, "percent_covered_display": "75", "missing_lines": 1, "excluded_lines": 0, "percent_statements_covered": 75.0, "percent_statements_covered_display": "75"}, "missing_lines": [287], "excluded_lines": [], "start_line": 282}, "TestAddTaskOutput.tearDown": {"executed_lines": [291], "summary": {"covered_lines": 1, "num_statements": 2, "percent_covered": 50.0, "percent_covered_display": "50", "missing_lines": 1, "excluded_lines": 0, "percent_statements_covered": 50.0, "percent_statements_covered_display": "50"}, "missing_lines": [292], "excluded_lines": [], "start_line": 289}, "TestAddTaskOutput.test_add_task_print_confirmation": {"executed_lines": [296, 297, 298, 300, 301], "summary": {"covered_lines": 5, "num_statements": 7, "percent_covered": 71.42857142857143, "percent_covered_display": "71", "missing_lines": 2, "excluded_lines": 0, "percent_statements_covered": 71.42857142857143, "percent_statements_covered_display": "71"}, "missing_lines": [302, 303], "excluded_lines": [], "start_line": 294}, "TestAddTaskOutput.test_add_task_with_priority_output": {"executed_lines": [307, 308, 309, 311, 312], "summary": {"covered_lines": 5, "num_statements": 6, "percent_covered": 83.33333333333333, "percent_covered_display": "83", "missing_lines": 1, "excluded_lines": 0, "percent_statements_covered": 83.33333333333333, "percent_statements_covered_display": "83"}, "missing_lines": [313], "excluded_lines": [], "start_line": 305}, "TestAddTaskBackwardCompatibility.setUp": {"executed_lines": [321, 322, 323], "summary": {"covered_lines": 3, "num_statements": 4, "percent_covered": 75.0, "percent_covered_display": "75", "missing_lines": 1, "excluded_lines": 0, "percent_statements_covered": 75.0, "percent_statements_covered_display": "75"}, "missing_lines": [324], "excluded_lines": [], "start_line": 319}, "TestAddTaskBackwardCompatibility.tearDown": {"executed_lines": [328, 329], "summary": {"covered_lines": 2, "num_statements": 2, "percent_covered": 100.0, "percent_covered_display": "100", "missing_lines": 0, "excluded_lines": 0, "percent_statements_covered": 100.0, "percent_statements_covered_display": "100"}, "missing_lines": [], "excluded_lines": [], "start_line": 326}, "TestAddTaskBackwardCompatibility.test_add_task_to_existing_file": {"executed_lines": [333, 338, 339, 341, 343, 344], "summary": {"covered_lines": 6, "num_statements": 8, "percent_covered": 75.0, "percent_covered_display": "75", "missing_lines": 2, "excluded_lines": 0, "percent_statements_covered": 75.0, "percent_statements_covered_display": "75"}, "missing_lines": [345, 346], "excluded_lines": [], "start_line": 331}, "TestAddTaskBackwardCompatibility.test_add_task_maintains_old_tasks": {"executed_lines": [350, 361, 362, 364, 366, 367], "summary": {"covered_lines": 6, "num_statements": 9, "percent_covered": 66.66666666666667, "percent_covered_display": "67", "missing_lines": 3, "excluded_lines": 0, "percent_statements_covered": 66.66666666666667, "percent_statements_covered_display": "67"}, "missing_lines": [368, 369, 370], "excluded_lines": [], "start_line": 348}, "TestCLIAddCommand.setUp": {"executed_lines": [378, 379, 380], "summary": {"covered_lines": 3, "num_statements": 4, "percent_covered": 75.0, "percent_covered_display": "75", "missing_lines": 1, "excluded_lines": 0, "percent_statements_covered": 75.0, "percent_statements_covered_display": "75"}, "missing_lines": [381], "excluded_lines": [], "start_line": 376}, "TestCLIAddCommand.tearDown": {"executed_lines": [385], "summary": {"covered_lines": 1, "num_statements": 2, "percent_covered": 50.0, "percent_covered_display": "50", "missing_lines": 1, "excluded_lines": 0, "percent_statements_covered": 50.0, "percent_statements_covered_display": "50"}, "missing_lines": [386], "excluded_lines": [], "start_line": 383}, "TestCLIAddCommand.test_cli_add_basic": {"executed_lines": [390, 392, 393, 394, 396, 397], "summary": {"covered_lines": 6, "num_statements": 8, "percent_covered": 75.0, "percent_covered_display": "75", "missing_lines": 2, "excluded_lines": 0, "percent_statements_covered": 75.0, "percent_statements_covered_display": "75"}, "missing_lines": [398, 399], "excluded_lines": [], "start_line": 388}, "TestCLIAddCommand.test_cli_add_with_priority": {"executed_lines": [403, 405, 406, 407, 409, 410], "summary": {"covered_lines": 6, "num_statements": 7, "percent_covered": 85.71428571428571, "percent_covered_display": "86", "missing_lines": 1, "excluded_lines": 0, "percent_statements_covered": 85.71428571428571, "percent_statements_covered_display": "86"}, "missing_lines": [411], "excluded_lines": [], "start_line": 401}, "TestCLIAddCommand.test_cli_add_with_priority_short": {"executed_lines": [415, 417, 418, 419, 421, 422], "summary": {"covered_lines": 6, "num_statements": 7, "percent_covered": 85.71428571428571, "percent_covered_display": "86", "missing_lines": 1, "excluded_lines": 0, "percent_statements_covered": 85.71428571428571, "percent_statements_covered_display": "86"}, "missing_lines": [423], "excluded_lines": [], "start_line": 413}, "TestCLIAddCommand.test_cli_add_with_due_date": {"executed_lines": [427, 429, 430, 431, 433, 434], "summary": {"covered_lines": 6, "num_statements": 7, "percent_covered": 85.71428571428571, "percent_covered_display": "86", "missing_lines": 1, "excluded_lines": 0, "percent_statements_covered": 85.71428571428571, "percent_statements_covered_display": "86"}, "missing_lines": [435], "excluded_lines": [], "start_line": 425}, "TestCLIAddCommand.test_cli_add_with_due_date_short": {"executed_lines": [439, 441, 442, 443, 445, 446], "summary": {"covered_lines": 6, "num_statements": 7, "percent_covered": 85.71428571428571, "percent_covered_display": "86", "missing_lines": 1, "excluded_lines": 0, "percent_statements_covered": 85.71428571428571, "percent_statements_covered_display": "86"}, "missing_lines": [447], "excluded_lines": [], "start_line": 437}, "TestCLIAddCommand.test_cli_add_with_tags": {"executed_lines": [451, 453, 454, 455, 457, 458], "summary": {"covered_lines": 6, "num_statements": 7, "percent_covered": 85.71428571428571, "percent_covered_display": "86", "missing_lines": 1, "excluded_lines": 0, "percent_statements_covered": 85.71428571428571, "percent_statements_covered_display": "86"}, "missing_lines": [459], "excluded_lines": [], "start_line": 449}, "TestCLIAddCommand.test_cli_add_with_tags_short": {"executed_lines": [463, 465, 466, 467, 469, 470], "summary": {"covered_lines": 6, "num_statements": 7, "percent_covered": 85.71428571428571, "percent_covered_display": "86", "missing_lines": 1, "excluded_lines": 0, "percent_statements_covered": 85.71428571428571, "percent_statements_covered_display": "86"}, "missing_lines": [471], "excluded_lines": [], "start_line": 461}, "TestCLIAddCommand.test_cli_add_with_all_options": {"executed_lines": [475, 487, 488, 489, 491, 492], "summary": {"covered_lines": 6, "num_statements": 11, "percent_covered": 54.54545454545455, "percent_covered_display": "55", "missing_lines": 5, "excluded_lines": 0, "percent_statements_covered": 54.54545454545455, "percent_statements_covered_display": "55"}, "missing_lines": [493, 494, 495, 496, 497], "excluded_lines": [], "start_line": 473}, "": {"executed_lines": [7, 8, 9, 10, 11, 12, 13, 16, 19, 22, 34, 39, 50, 68, 79, 90, 110, 122, 135, 138, 145, 150, 158, 167, 176, 185, 194, 202, 210, 219, 222, 229, 234, 247, 260, 279, 282, 289, 294, 305, 316, 319, 326, 331, 348, 373, 376, 383, 388, 401, 413, 425, 437, 449, 461, 473, 500], "summary": {"covered_lines": 57, "num_statements": 61, "percent_covered": 93.44262295081967, "percent_covered_display": "93", "missing_lines": 4, "excluded_lines": 0, "percent_statements_covered": 93.44262295081967, "percent_statements_covered_display": "93"}, "missing_lines": [501, 502, 503, 504], "excluded_lines": [], "start_line": 1}}, "classes": {"TestAddTaskFunctionality": {"executed_lines": [24], "summary": {"covered_lines": 1, "num_statements": 68, "percent_covered": 1.4705882352941178, "percent_covered_display": "1", "missing_lines": 67, "excluded_lines": 0, "percent_statements_covered": 1.4705882352941178, "percent_statements_covered_display": "1"}, "missing_lines": [25, 26, 28, 29, 30, 31, 32, 36, 37, 41, 43, 44, 45, 46, 47, 48, 52, 58, 59, 61, 62, 64, 65, 66, 70, 71, 73, 74, 75, 76, 77, 81, 82, 84, 85, 86, 87, 88, 92, 93, 94, 95, 97, 99, 100, 101, 102, 103, 104, 105, 106, 107, 108, 112, 113, 114, 116, 117, 119, 120, 124, 125, 126, 128, 129, 131, 132], "excluded_lines": [], "start_line": 19}, "TestAddTaskEdgeCases": {"executed_lines": [140, 141, 142, 147, 152, 160, 161, 163, 164, 169, 170, 172, 173, 178, 179, 181, 182, 187, 189, 190, 196, 198, 199, 204, 206, 207, 212, 214, 215], "summary": {"covered_lines": 29, "num_statements": 41, "percent_covered": 70.73170731707317, "percent_covered_display": "71", "missing_lines": 12, "excluded_lines": 0, "percent_statements_covered": 70.73170731707317, "percent_statements_covered_display": "71"}, "missing_lines": [143, 148, 154, 155, 156, 165, 174, 183, 192, 200, 208, 216], "excluded_lines": [], "start_line": 135}, "TestAddTaskPersistence": {"executed_lines": [224, 225, 226, 231, 236, 238, 249, 250, 252, 262, 263, 264, 266, 267, 268, 270], "summary": {"covered_lines": 16, "num_statements": 34, "percent_covered": 47.05882352941177, "percent_covered_display": "47", "missing_lines": 18, "excluded_lines": 0, "percent_statements_covered": 47.05882352941177, "percent_statements_covered_display": "47"}, "missing_lines": [227, 232, 239, 241, 242, 243, 244, 245, 253, 255, 256, 257, 258, 271, 273, 274, 275, 276], "excluded_lines": [], "start_line": 219}, "TestAddTaskOutput": {"executed_lines": [284, 285, 286, 291, 296, 297, 298, 300, 301, 307, 308, 309, 311, 312], "summary": {"covered_lines": 14, "num_statements": 19, "percent_covered": 73.6842105263158, "percent_covered_display": "74", "missing_lines": 5, "excluded_lines": 0, "percent_statements_covered": 73.6842105263158, "percent_statements_covered_display": "74"}, "missing_lines": [287, 292, 302, 303, 313], "excluded_lines": [], "start_line": 279}, "TestAddTaskBackwardCompatibility": {"executed_lines": [321, 322, 323, 328, 329, 333, 338, 339, 341, 343, 344, 350, 361, 362, 364, 366, 367], "summary": {"covered_lines": 17, "num_statements": 23, "percent_covered": 73.91304347826087, "percent_covered_display": "74", "missing_lines": 6, "excluded_lines": 0, "percent_statements_covered": 73.91304347826087, "percent_statements_covered_display": "74"}, "missing_lines": [324, 345, 346, 368, 369, 370], "excluded_lines": [], "start_line": 316}, "TestCLIAddCommand": {"executed_lines": [378, 379, 380, 385, 390, 392, 393, 394, 396, 397, 403, 405, 406, 407, 409, 410, 415, 417, 418, 419, 421, 422, 427, 429, 430, 431, 433, 434, 439, 441, 442, 443, 445, 446, 451, 453, 454, 455, 457, 458, 463, 465, 466, 467, 469, 470, 475, 487, 488, 489, 491, 492], "summary": {"covered_lines": 52, "num_statements": 67, "percent_covered": 77.61194029850746, "percent_covered_display": "78", "missing_lines": 15, "excluded_lines": 0, "percent_statements_covered": 77.61194029850746, "percent_statements_covered_display": "78"}, "missing_lines": [381, 386, 398, 399, 411, 423, 435, 447, 459, 471, 493, 494, 495, 496, 497], "excluded_lines": [], "start_line": 373}, "": {"executed_lines": [7, 8, 9, 10, 11, 12, 13, 16, 19, 22, 34, 39, 50, 68, 79, 90, 110, 122, 135, 138, 145, 150, 158, 167, 176, 185, 194, 202, 210, 219, 222, 229, 234, 247, 260, 279, 282, 289, 294, 305, 316, 319, 326, 331, 348, 373, 376, 383, 388, 401, 413, 425, 437, 449, 461, 473, 500], "summary": {"covered_lines": 57, "num_statements": 61, "percent_covered": 93.44262295081967, "percent_covered_display": "93", "missing_lines": 4, "excluded_lines": 0, "percent_statements_covered": 93.44262295081967, "percent_statements_covered_display": "93"}, "missing_lines": [501, 502, 503, 504], "excluded_lines": [], "start_line": 1}}}, "test_cli_commands.py": {"executed_lines": [7, 8, 9, 10, 11, 12, 13, 16, 19, 22, 24, 25, 26, 29, 31, 34, 36, 37, 39, 40, 44, 46, 49, 51, 52, 55, 57, 60, 62, 63, 66, 68, 71, 73, 74, 77, 79, 80, 81, 82, 84, 85, 87, 89, 90, 92, 93, 94, 95, 97, 98, 99, 101, 103, 104, 106, 107, 108, 109, 111, 112, 113, 115, 117, 118, 120, 121, 122, 123, 125, 126, 127, 129, 131, 133, 134, 135, 136, 138, 139, 144, 146, 147, 149, 150, 151, 152, 154, 155, 161, 163, 165, 166, 167, 168, 170, 171, 176, 178, 180, 181, 182, 183, 185, 186, 192, 194, 196, 197, 198, 199, 201, 202, 208, 210, 211, 213, 214, 219, 220, 222, 223, 225, 226, 228, 230, 232, 233, 245, 246, 248, 249, 251, 252, 254, 256, 257, 258, 259, 271, 273, 274, 275, 277, 278, 279, 280, 282, 283, 284, 287, 289, 290, 292, 293, 294, 295, 297, 298, 300, 302, 303, 304, 305, 306, 308, 309, 310, 311, 312, 313, 315, 317, 318, 319, 321, 322, 323, 324, 326, 327, 328, 330, 331, 332, 333, 334, 335, 336, 337, 338, 340, 342, 343, 344, 346, 347, 348, 349, 351, 352, 353, 354, 356, 358, 359, 360, 361, 363, 364, 366, 368, 369, 370, 371, 373, 374, 376, 378, 379, 380, 381, 383, 384, 386, 388, 389, 390, 391, 393, 394, 396, 398, 399, 400, 401, 403, 404, 407, 410, 412, 413, 414, 417, 419, 422, 425, 440, 442, 443, 445, 446, 449, 450, 451, 452, 453, 454, 455, 456, 459, 460, 463, 464, 467, 468, 471, 472, 473, 474, 475, 476, 499], "summary": {"covered_lines": 273, "num_statements": 315, "percent_covered": 86.66666666666667, "percent_covered_display": "87", "missing_lines": 42, "excluded_lines": 0, "percent_statements_covered": 86.66666666666667, "percent_statements_covered_display": "87"}, "missing_lines": [27, 32, 41, 42, 53, 64, 75, 141, 142, 157, 158, 159, 173, 174, 188, 189, 190, 203, 205, 206, 261, 262, 263, 264, 266, 267, 268, 269, 285, 415, 420, 479, 484, 485, 486, 489, 490, 493, 494, 495, 496, 500], "excluded_lines": [], "functions": {"TestCLICommands.setUp": {"executed_lines": [24, 25, 26], "summary": {"covered_lines": 3, "num_statements": 4, "percent_covered": 75.0, "percent_covered_display": "75", "missing_lines": 1, "excluded_lines": 0, "percent_statements_covered": 75.0, "percent_statements_covered_display": "75"}, "missing_lines": [27], "excluded_lines": [], "start_line": 22}, "TestCLICommands.tearDown": {"executed_lines": [31], "summary": {"covered_lines": 1, "num_statements": 2, "percent_covered": 50.0, "percent_covered_display": "50", "missing_lines": 1, "excluded_lines": 0, "percent_statements_covered": 50.0, "percent_statements_covered_display": "50"}, "missing_lines": [32], "excluded_lines": [], "start_line": 29}, "TestCLICommands.test_cli_add_basic": {"executed_lines": [36, 37, 39, 40], "summary": {"covered_lines": 4, "num_statements": 6, "percent_covered": 66.66666666666667, "percent_covered_display": "67", "missing_lines": 2, "excluded_lines": 0, "percent_statements_covered": 66.66666666666667, "percent_statements_covered_display": "67"}, "missing_lines": [41, 42], "excluded_lines": [], "start_line": 34}, "TestCLICommands.test_cli_add_with_priority": {"executed_lines": [46, 49, 51, 52], "summary": {"covered_lines": 4, "num_statements": 5, "percent_covered": 80.0, "percent_covered_display": "80", "missing_lines": 1, "excluded_lines": 0, "percent_statements_covered": 80.0, "percent_statements_covered_display": "80"}, "missing_lines": [53], "excluded_lines": [], "start_line": 44}, "TestCLICommands.test_cli_add_with_due_date": {"executed_lines": [57, 60, 62, 63], "summary": {"covered_lines": 4, "num_statements": 5, "percent_covered": 80.0, "percent_covered_display": "80", "missing_lines": 1, "excluded_lines": 0, "percent_statements_covered": 80.0, "percent_statements_covered_display": "80"}, "missing_lines": [64], "excluded_lines": [], "start_line": 55}, "TestCLICommands.test_cli_add_with_tags": {"executed_lines": [68, 71, 73, 74], "summary": {"covered_lines": 4, "num_statements": 5, "percent_covered": 80.0, "percent_covered_display": "80", "missing_lines": 1, "excluded_lines": 0, "percent_statements_covered": 80.0, "percent_statements_covered_display": "80"}, "missing_lines": [75], "excluded_lines": [], "start_line": 66}, "TestCLICommands.test_cli_list_empty": {"executed_lines": [79, 80, 81, 82, 84, 85], "summary": {"covered_lines": 6, "num_statements": 6, "percent_covered": 100.0, "percent_covered_display": "100", "missing_lines": 0, "excluded_lines": 0, "percent_statements_covered": 100.0, "percent_statements_covered_display": "100"}, "missing_lines": [], "excluded_lines": [], "start_line": 77}, "TestCLICommands.test_cli_list_with_tasks": {"executed_lines": [89, 90, 92, 93, 94, 95, 97, 98, 99], "summary": {"covered_lines": 9, "num_statements": 9, "percent_covered": 100.0, "percent_covered_display": "100", "missing_lines": 0, "excluded_lines": 0, "percent_statements_covered": 100.0, "percent_statements_covered_display": "100"}, "missing_lines": [], "excluded_lines": [], "start_line": 87}, "TestCLICommands.test_cli_list_filter_by_priority": {"executed_lines": [103, 104, 106, 107, 108, 109, 111, 112, 113], "summary": {"covered_lines": 9, "num_statements": 9, "percent_covered": 100.0, "percent_covered_display": "100", "missing_lines": 0, "excluded_lines": 0, "percent_statements_covered": 100.0, "percent_statements_covered_display": "100"}, "missing_lines": [], "excluded_lines": [], "start_line": 101}, "TestCLICommands.test_cli_list_filter_by_tag": {"executed_lines": [117, 118, 120, 121, 122, 123, 125, 126, 127], "summary": {"covered_lines": 9, "num_statements": 9, "percent_covered": 100.0, "percent_covered_display": "100", "missing_lines": 0, "excluded_lines": 0, "percent_statements_covered": 100.0, "percent_statements_covered_display": "100"}, "missing_lines": [], "excluded_lines": [], "start_line": 115}, "TestCLICommands.test_cli_done": {"executed_lines": [131, 133, 134, 135, 136, 138, 139], "summary": {"covered_lines": 7, "num_statements": 9, "percent_covered": 77.77777777777777, "percent_covered_display": "78", "missing_lines": 2, "excluded_lines": 0, "percent_statements_covered": 77.77777777777777, "percent_statements_covered_display": "78"}, "missing_lines": [141, 142], "excluded_lines": [], "start_line": 129}, "TestCLICommands.test_cli_delete": {"executed_lines": [146, 147, 149, 150, 151, 152, 154, 155], "summary": {"covered_lines": 8, "num_statements": 11, "percent_covered": 72.72727272727273, "percent_covered_display": "73", "missing_lines": 3, "excluded_lines": 0, "percent_statements_covered": 72.72727272727273, "percent_statements_covered_display": "73"}, "missing_lines": [157, 158, 159], "excluded_lines": [], "start_line": 144}, "TestCLICommands.test_cli_add_tag": {"executed_lines": [163, 165, 166, 167, 168, 170, 171], "summary": {"covered_lines": 7, "num_statements": 9, "percent_covered": 77.77777777777777, "percent_covered_display": "78", "missing_lines": 2, "excluded_lines": 0, "percent_statements_covered": 77.77777777777777, "percent_statements_covered_display": "78"}, "missing_lines": [173, 174], "excluded_lines": [], "start_line": 161}, "TestCLICommands.test_cli_remove_tag": {"executed_lines": [178, 180, 181, 182, 183, 185, 186], "summary": {"covered_lines": 7, "num_statements": 10, "percent_covered": 70.0, "percent_covered_display": "70", "missing_lines": 3, "excluded_lines": 0, "percent_statements_covered": 70.0, "percent_statements_covered_display": "70"}, "missing_lines": [188, 189, 190], "excluded_lines": [], "start_line": 176}, "TestCLICommands.test_cli_set_priority": {"executed_lines": [194, 196, 197, 198, 199, 201, 202], "summary": {"covered_lines": 7, "num_statements": 10, "percent_covered": 70.0, "percent_covered_display": "70", "missing_lines": 3, "excluded_lines": 0, "percent_statements_covered": 70.0, "percent_statements_covered_display": "70"}, "missing_lines": [203, 205, 206], "excluded_lines": [], "start_line": 192}, "TestCLICommands.test_cli_export_csv": {"executed_lines": [210, 211, 213, 214, 219, 220, 222, 223, 225, 226], "summary": {"covered_lines": 10, "num_statements": 10, "percent_covered": 100.0, "percent_covered_display": "100", "missing_lines": 0, "excluded_lines": 0, "percent_statements_covered": 100.0, "percent_statements_covered_display": "100"}, "missing_lines": [], "excluded_lines": [], "start_line": 208}, "TestCLICommands.test_cli_export_markdown": {"executed_lines": [230, 232, 233, 245, 246, 248, 249, 251, 252], "summary": {"covered_lines": 9, "num_statements": 9, "percent_covered": 100.0, "percent_covered_display": "100", "missing_lines": 0, "excluded_lines": 0, "percent_statements_covered": 100.0, "percent_statements_covered_display": "100"}, "missing_lines": [], "excluded_lines": [], "start_line": 228}, "TestCLICommands.test_cli_stats": {"executed_lines": [256, 257, 258, 259], "summary": {"covered_lines": 4, "num_statements": 12, "percent_covered": 33.333333333333336, "percent_covered_display": "33", "missing_lines": 8, "excluded_lines": 0, "percent_statements_covered": 33.333333333333336, "percent_statements_covered_display": "33"}, "missing_lines": [261, 262, 263, 264, 266, 267, 268, 269], "excluded_lines": [], "start_line": 254}, "TestCLICommands.test_cli_stats_filter_by_priority": {"executed_lines": [273, 274, 275, 277, 278, 279, 280, 282, 283, 284], "summary": {"covered_lines": 10, "num_statements": 11, "percent_covered": 90.9090909090909, "percent_covered_display": "91", "missing_lines": 1, "excluded_lines": 0, "percent_statements_covered": 90.9090909090909, "percent_statements_covered_display": "91"}, "missing_lines": [285], "excluded_lines": [], "start_line": 271}, "TestCLICommands.test_cli_stats_filter_by_tag": {"executed_lines": [289, 290, 292, 293, 294, 295, 297, 298], "summary": {"covered_lines": 8, "num_statements": 8, "percent_covered": 100.0, "percent_covered_display": "100", "missing_lines": 0, "excluded_lines": 0, "percent_statements_covered": 100.0, "percent_statements_covered_display": "100"}, "missing_lines": [], "excluded_lines": [], "start_line": 287}, "TestCLICommands.test_cli_help": {"executed_lines": [302, 303, 304, 305, 306, 308, 309, 310, 311, 312, 313], "summary": {"covered_lines": 11, "num_statements": 11, "percent_covered": 100.0, "percent_covered_display": "100", "missing_lines": 0, "excluded_lines": 0, "percent_statements_covered": 100.0, "percent_statements_covered_display": "100"}, "missing_lines": [], "excluded_lines": [], "start_line": 300}, "TestCLICommands.test_cli_list_sort_priority": {"executed_lines": [317, 318, 319, 321, 322, 323, 324, 326, 327, 328, 330, 331, 332, 333, 334, 335, 336, 337, 338], "summary": {"covered_lines": 19, "num_statements": 19, "percent_covered": 100.0, "percent_covered_display": "100", "missing_lines": 0, "excluded_lines": 0, "percent_statements_covered": 100.0, "percent_statements_covered_display": "100"}, "missing_lines": [], "excluded_lines": [], "start_line": 315}, "TestCLICommands.test_cli_list_sort_none": {"executed_lines": [342, 343, 344, 346, 347, 348, 349, 351, 352, 353, 354], "summary": {"covered_lines": 11, "num_statements": 11, "percent_covered": 100.0, "percent_covered_display": "100", "missing_lines": 0, "excluded_lines": 0, "percent_statements_covered": 100.0, "percent_statements_covered_display": "100"}, "missing_lines": [], "excluded_lines": [], "start_line": 340}, "TestCLICommands.test_cli_done_nonexistent_task": {"executed_lines": [358, 359, 360, 361, 363, 364], "summary": {"covered_lines": 6, "num_statements": 6, "percent_covered": 100.0, "percent_covered_display": "100", "missing_lines": 0, "excluded_lines": 0, "percent_statements_covered": 100.0, "percent_statements_covered_display": "100"}, "missing_lines": [], "excluded_lines": [], "start_line": 356}, "TestCLICommands.test_cli_delete_nonexistent_task": {"executed_lines": [368, 369, 370, 371, 373, 374], "summary": {"covered_lines": 6, "num_statements": 6, "percent_covered": 100.0, "percent_covered_display": "100", "missing_lines": 0, "excluded_lines": 0, "percent_statements_covered": 100.0, "percent_statements_covered_display": "100"}, "missing_lines": [], "excluded_lines": [], "start_line": 366}, "TestCLICommands.test_cli_add_tag_nonexistent_task": {"executed_lines": [378, 379, 380, 381, 383, 384], "summary": {"covered_lines": 6, "num_statements": 6, "percent_covered": 100.0, "percent_covered_display": "100", "missing_lines": 0, "excluded_lines": 0, "percent_statements_covered": 100.0, "percent_statements_covered_display": "100"}, "missing_lines": [], "excluded_lines": [], "start_line": 376}, "TestCLICommands.test_cli_remove_tag_nonexistent_task": {"executed_lines": [388, 389, 390, 391, 393, 394], "summary": {"covered_lines": 6, "num_statements": 6, "percent_covered": 100.0, "percent_covered_display": "100", "missing_lines": 0, "excluded_lines": 0, "percent_statements_covered": 100.0, "percent_statements_covered_display": "100"}, "missing_lines": [], "excluded_lines": [], "start_line": 386}, "TestCLICommands.test_cli_set_priority_nonexistent_task": {"executed_lines": [398, 399, 400, 401, 403, 404], "summary": {"covered_lines": 6, "num_statements": 6, "percent_covered": 100.0, "percent_covered_display": "100", "missing_lines": 0, "excluded_lines": 0, "percent_statements_covered": 100.0, "percent_statements_covered_display": "100"}, "missing_lines": [], "excluded_lines": [], "start_line": 396}, "TestCLIWorkflow.setUp": {"executed_lines": [412, 413, 414], "summary": {"covered_lines": 3, "num_statements": 4, "percent_covered": 75.0, "percent_covered_display": "75", "missing_lines": 1, "excluded_lines": 0, "percent_statements_covered": 75.0, "percent_statements_covered_display": "75"}, "missing_lines": [415], "excluded_lines": [], "start_line": 410}, "TestCLIWorkflow.tearDown": {"executed_lines": [419], "summary": {"covered_lines": 1, "num_statements": 2, "percent_covered": 50.0, "percent_covered_display": "50", "missing_lines": 1, "excluded_lines": 0, "percent_statements_covered": 50.0, "percent_statements_covered_display": "50"}, "missing_lines": [420], "excluded_lines": [], "start_line": 417}, "TestCLIWorkflow.test_complete_workflow": {"executed_lines": [425, 440, 442, 443, 445, 446, 449, 450, 451, 452, 453, 454, 455, 456, 459, 460, 463, 464, 467, 468, 471, 472, 473, 474, 475, 476], "summary": {"covered_lines": 26, "num_statements": 36, "percent_covered": 72.22222222222223, "percent_covered_display": "72", "missing_lines": 10, "excluded_lines": 0, "percent_statements_covered": 72.22222222222223, "percent_statements_covered_display": "72"}, "missing_lines": [479, 484, 485, 486, 489, 490, 493, 494, 495, 496], "excluded_lines": [], "start_line": 422}, "": {"executed_lines": [7, 8, 9, 10, 11, 12, 13, 16, 19, 22, 29, 34, 44, 55, 66, 77, 87, 101, 115, 129, 144, 161, 176, 192, 208, 228, 254, 271, 287, 300, 315, 340, 356, 366, 376, 386, 396, 407, 410, 417, 422, 499], "summary": {"covered_lines": 42, "num_statements": 43, "percent_covered": 97.67441860465117, "percent_covered_display": "98", "missing_lines": 1, "excluded_lines": 0, "percent_statements_covered": 97.67441860465117, "percent_statements_covered_display": "98"}, "missing_lines": [500], "excluded_lines": [], "start_line": 1}}, "classes": {"TestCLICommands": {"executed_lines": [24, 25, 26, 31, 36, 37, 39, 40, 46, 49, 51, 52, 57, 60, 62, 63, 68, 71, 73, 74, 79, 80, 81, 82, 84, 85, 89, 90, 92, 93, 94, 95, 97, 98, 99, 103, 104, 106, 107, 108, 109, 111, 112, 113, 117, 118, 120, 121, 122, 123, 125, 126, 127, 131, 133, 134, 135, 136, 138, 139, 146, 147, 149, 150, 151, 152, 154, 155, 163, 165, 166, 167, 168, 170, 171, 178, 180, 181, 182, 183, 185, 186, 194, 196, 197, 198, 199, 201, 202, 210, 211, 213, 214, 219, 220, 222, 223, 225, 226, 230, 232, 233, 245, 246, 248, 249, 251, 252, 256, 257, 258, 259, 273, 274, 275, 277, 278, 279, 280, 282, 283, 284, 289, 290, 292, 293, 294, 295, 297, 298, 302, 303, 304, 305, 306, 308, 309, 310, 311, 312,
[...]
 2, "num_statements": 7, "percent_covered": 28.571428571428573, "percent_covered_display": "29", "missing_lines": 5, "excluded_lines": 0, "percent_statements_covered": 28.571428571428573, "percent_statements_covered_display": "29"}, "missing_lines": [205, 207, 208, 209, 210], "excluded_lines": [], "start_line": 201}, "TestPriorityManagement.test_set_priority_medium": {"executed_lines": [214, 215], "summary": {"covered_lines": 2, "num_statements": 5, "percent_covered": 40.0, "percent_covered_display": "40", "missing_lines": 3, "excluded_lines": 0, "percent_statements_covered": 40.0, "percent_statements_covered_display": "40"}, "missing_lines": [217, 218, 219], "excluded_lines": [], "start_line": 212}, "TestPriorityManagement.test_set_priority_low": {"executed_lines": [223, 224], "summary": {"covered_lines": 2, "num_statements": 5, "percent_covered": 40.0, "percent_covered_display": "40", "missing_lines": 3, "excluded_lines": 0, "percent_statements_covered": 40.0, "percent_statements_covered_display": "40"}, "missing_lines": [226, 227, 228], "excluded_lines": [], "start_line": 221}, "TestPriorityManagement.test_set_priority_nonexistent_task": {"executed_lines": [232, 233], "summary": {"covered_lines": 2, "num_statements": 2, "percent_covered": 100.0, "percent_covered_display": "100", "missing_lines": 0, "excluded_lines": 0, "percent_statements_covered": 100.0, "percent_statements_covered_display": "100"}, "missing_lines": [], "excluded_lines": [], "start_line": 230}, "TestExportFunctionality.test_export_csv": {"executed_lines": [241, 244, 245, 247, 248, 249, 250, 251, 253], "summary": {"covered_lines": 9, "num_statements": 9, "percent_covered": 100.0, "percent_covered_display": "100", "missing_lines": 0, "excluded_lines": 0, "percent_statements_covered": 100.0, "percent_statements_covered_display": "100"}, "missing_lines": [], "excluded_lines": [], "start_line": 239}, "TestExportFunctionality.test_export_markdown": {"executed_lines": [257, 260, 261, 263, 264, 265, 266, 268], "summary": {"covered_lines": 8, "num_statements": 8, "percent_covered": 100.0, "percent_covered_display": "100", "missing_lines": 0, "excluded_lines": 0, "percent_statements_covered": 100.0, "percent_statements_covered_display": "100"}, "missing_lines": [], "excluded_lines": [], "start_line": 255}, "TestStatisticsFunctionality.test_stats_basic": {"executed_lines": [276, 277, 278, 279], "summary": {"covered_lines": 4, "num_statements": 4, "percent_covered": 100.0, "percent_covered_display": "100", "missing_lines": 0, "excluded_lines": 0, "percent_statements_covered": 100.0, "percent_statements_covered_display": "100"}, "missing_lines": [], "excluded_lines": [], "start_line": 274}, "TestStatisticsFunctionality.test_stats_filter_by_priority": {"executed_lines": [283, 284, 285], "summary": {"covered_lines": 3, "num_statements": 3, "percent_covered": 100.0, "percent_covered_display": "100", "missing_lines": 0, "excluded_lines": 0, "percent_statements_covered": 100.0, "percent_statements_covered_display": "100"}, "missing_lines": [], "excluded_lines": [], "start_line": 281}, "TestStatisticsFunctionality.test_stats_filter_by_tag": {"executed_lines": [289, 290], "summary": {"covered_lines": 2, "num_statements": 2, "percent_covered": 100.0, "percent_covered_display": "100", "missing_lines": 0, "excluded_lines": 0, "percent_statements_covered": 100.0, "percent_statements_covered_display": "100"}, "missing_lines": [], "excluded_lines": [], "start_line": 287}, "TestDueDateFunctionality.test_due_basic": {"executed_lines": [298, 299], "summary": {"covered_lines": 2, "num_statements": 2, "percent_covered": 100.0, "percent_covered_display": "100", "missing_lines": 0, "excluded_lines": 0, "percent_statements_covered": 100.0, "percent_statements_covered_display": "100"}, "missing_lines": [], "excluded_lines": [], "start_line": 296}, "TestDueDateFunctionality.test_due_with_days_filter": {"executed_lines": [303, 304, 305], "summary": {"covered_lines": 3, "num_statements": 3, "percent_covered": 100.0, "percent_covered_display": "100", "missing_lines": 0, "excluded_lines": 0, "percent_statements_covered": 100.0, "percent_statements_covered_display": "100"}, "missing_lines": [], "excluded_lines": [], "start_line": 301}, "TestDueDateFunctionality.test_due_sort_by_priority": {"executed_lines": [309, 310], "summary": {"covered_lines": 2, "num_statements": 2, "percent_covered": 100.0, "percent_covered_display": "100", "missing_lines": 0, "excluded_lines": 0, "percent_statements_covered": 100.0, "percent_statements_covered_display": "100"}, "missing_lines": [], "excluded_lines": [], "start_line": 307}, "TestIntegration.test_full_workflow": {"executed_lines": [318, 320, 332, 334, 336, 337, 339, 340], "summary": {"covered_lines": 8, "num_statements": 21, "percent_covered": 38.095238095238095, "percent_covered_display": "38", "missing_lines": 13, "excluded_lines": 0, "percent_statements_covered": 38.095238095238095, "percent_statements_covered_display": "38"}, "missing_lines": [342, 343, 345, 346, 348, 349, 350, 351, 352, 353, 355, 356, 358], "excluded_lines": [], "start_line": 316}, "TestIntegration.test_multiple_attributes_task": {"executed_lines": [362, 374, 376, 377], "summary": {"covered_lines": 4, "num_statements": 9, "percent_covered": 44.44444444444444, "percent_covered_display": "44", "missing_lines": 5, "excluded_lines": 0, "percent_statements_covered": 44.44444444444444, "percent_statements_covered_display": "44"}, "missing_lines": [378, 379, 380, 381, 382], "excluded_lines": [], "start_line": 360}, "TestEdgeCases.test_empty_task_list_message": {"executed_lines": [390, 391], "summary": {"covered_lines": 2, "num_statements": 2, "percent_covered": 100.0, "percent_covered_display": "100", "missing_lines": 0, "excluded_lines": 0, "percent_statements_covered": 100.0, "percent_statements_covered_display": "100"}, "missing_lines": [], "excluded_lines": [], "start_line": 388}, "TestEdgeCases.test_help_command": {"executed_lines": [395, 396, 397], "summary": {"covered_lines": 3, "num_statements": 3, "percent_covered": 100.0, "percent_covered_display": "100", "missing_lines": 0, "excluded_lines": 0, "percent_statements_covered": 100.0, "percent_statements_covered_display": "100"}, "missing_lines": [], "excluded_lines": [], "start_line": 393}, "TestEdgeCases.test_add_task_special_characters": {"executed_lines": [401, 402], "summary": {"covered_lines": 2, "num_statements": 2, "percent_covered": 100.0, "percent_covered_display": "100", "missing_lines": 0, "excluded_lines": 0, "percent_statements_covered": 100.0, "percent_statements_covered_display": "100"}, "missing_lines": [], "excluded_lines": [], "start_line": 399}, "TestEdgeCases.test_add_task_unicode": {"executed_lines": [406, 407], "summary": {"covered_lines": 2, "num_statements": 2, "percent_covered": 100.0, "percent_covered_display": "100", "missing_lines": 0, "excluded_lines": 0, "percent_statements_covered": 100.0, "percent_statements_covered_display": "100"}, "missing_lines": [], "excluded_lines": [], "start_line": 404}, "": {"executed_lines": [17, 18, 19, 20, 21, 23, 26, 34, 42, 47, 50, 54, 61, 67, 77, 87, 93, 99, 104, 109, 115, 118, 128, 134, 137, 144, 150, 153, 163, 170, 181, 187, 192, 198, 201, 212, 221, 230, 236, 239, 255, 271, 274, 281, 287, 293, 296, 301, 307, 313, 316, 360, 385, 388, 393, 399, 404, 410], "summary": {"covered_lines": 58, "num_statements": 59, "percent_covered": 98.30508474576271, "percent_covered_display": "98", "missing_lines": 1, "excluded_lines": 0, "percent_statements_covered": 98.30508474576271, "percent_statements_covered_display": "98"}, "missing_lines": [411], "excluded_lines": [], "start_line": 1}}, "classes": {"TestTaskManagement": {"executed_lines": [52, 56, 57, 58, 59, 63, 64, 65, 69, 70, 71, 73, 74, 79, 80, 82, 83, 89, 90, 91, 95, 96, 97, 101, 102, 106, 107, 111, 112], "summary": {"covered_lines": 29, "num_statements": 32, "percent_covered": 90.625, "percent_covered_display": "91", "missing_lines": 3, "excluded_lines": 0, "percent_statements_covered": 90.625, "percent_statements_covered_display": "91"}, "missing_lines": [75, 84, 85], "excluded_lines": [], "start_line": 47}, "TestTaskCompletion": {"executed_lines": [120, 121, 130, 131], "summary": {"covered_lines": 4, "num_statements": 8, "percent_covered": 50.0, "percent_covered_display": "50", "missing_lines": 4, "excluded_lines": 0, "percent_statements_covered": 50.0, "percent_statements_covered_display": "50"}, "missing_lines": [123, 124, 125, 126], "excluded_lines": [], "start_line": 115}, "TestTaskDeletion": {"executed_lines": [139, 140, 141, 146, 147], "summary": {"covered_lines": 5, "num_statements": 6, "percent_covered": 83.33333333333333, "percent_covered_display": "83", "missing_lines": 1, "excluded_lines": 0, "percent_statements_covered": 83.33333333333333, "percent_statements_covered_display": "83"}, "missing_lines": [142], "excluded_lines": [], "start_line": 134}, "TestTagManagement": {"executed_lines": [155, 156, 165, 166, 167, 172, 173, 174, 183, 184, 189, 190, 194, 195], "summary": {"covered_lines": 14, "num_statements": 24, "percent_covered": 58.333333333333336, "percent_covered_display": "58", "missing_lines": 10, "excluded_lines": 0, "percent_statements_covered": 58.333333333333336, "percent_statements_covered_display": "58"}, "missing_lines": [158, 159, 160, 161, 168, 176, 177, 178, 179, 185], "excluded_lines": [], "start_line": 150}, "TestPriorityManagement": {"executed_lines": [203, 204, 214, 215, 223, 224, 232, 233], "summary": {"covered_lines": 8, "num_statements": 19, "percent_covered": 42.10526315789474, "percent_covered_display": "42", "missing_lines": 11, "excluded_lines": 0, "percent_statements_covered": 42.10526315789474, "percent_statements_covered_display": "42"}, "missing_lines": [205, 207, 208, 209, 210, 217, 218, 219, 226, 227, 228], "excluded_lines": [], "start_line": 198}, "TestExportFunctionality": {"executed_lines": [241, 244, 245, 247, 248, 249, 250, 251, 253, 257, 260, 261, 263, 264, 265, 266, 268], "summary": {"covered_lines": 17, "num_statements": 17, "percent_covered": 100.0, "percent_covered_display": "100", "missing_lines": 0, "excluded_lines": 0, "percent_statements_covered": 100.0, "percent_statements_covered_display": "100"}, "missing_lines": [], "excluded_lines": [], "start_line": 236}, "TestStatisticsFunctionality": {"executed_lines": [276, 277, 278, 279, 283, 284, 285, 289, 290], "summary": {"covered_lines": 9, "num_statements": 9, "percent_covered": 100.0, "percent_covered_display": "100", "missing_lines": 0, "excluded_lines": 0, "percent_statements_covered": 100.0, "percent_statements_covered_display": "100"}, "missing_lines": [], "excluded_lines": [], "start_line": 271}, "TestDueDateFunctionality": {"executed_lines": [298, 299, 303, 304, 305, 309, 310], "summary": {"covered_lines": 7, "num_statements": 7, "percent_covered": 100.0, "percent_covered_display": "100", "missing_lines": 0, "excluded_lines": 0, "percent_statements_covered": 100.0, "percent_statements_covered_display": "100"}, "missing_lines": [], "excluded_lines": [], "start_line": 293}, "TestIntegration": {"executed_lines": [318, 320, 332, 334, 336, 337, 339, 340, 362, 374, 376, 377], "summary": {"covered_lines": 12, "num_statements": 30, "percent_covered": 40.0, "percent_covered_display": "40", "missing_lines": 18, "excluded_lines": 0, "percent_statements_covered": 40.0, "percent_statements_covered_display": "40"}, "missing_lines": [342, 343, 345, 346, 348, 349, 350, 351, 352, 353, 355, 356, 358, 378, 379, 380, 381, 382], "excluded_lines": [], "start_line": 313}, "TestEdgeCases": {"executed_lines": [390, 391, 395, 396, 397, 401, 402, 406, 407], "summary": {"covered_lines": 9, "num_statements": 9, "percent_covered": 100.0, "percent_covered_display": "100", "missing_lines": 0, "excluded_lines": 0, "percent_statements_covered": 100.0, "percent_statements_covered_display": "100"}, "missing_lines": [], "excluded_lines": [], "start_line": 385}, "": {"executed_lines": [17, 18, 19, 20, 21, 23, 26, 28, 31, 34, 36, 39, 42, 44, 47, 50, 54, 61, 67, 77, 87, 93, 99, 104, 109, 115, 118, 128, 134, 137, 144, 150, 153, 163, 170, 181, 187, 192, 198, 201, 212, 221, 230, 236, 239, 255, 271, 274, 281, 287, 293, 296, 301, 307, 313, 316, 360, 385, 388, 393, 399, 404, 410], "summary": {"covered_lines": 63, "num_statements": 66, "percent_covered": 95.45454545454545, "percent_covered_display": "95", "missing_lines": 3, "excluded_lines": 0, "percent_statements_covered": 95.45454545454545, "percent_statements_covered_display": "95"}, "missing_lines": [37, 38, 411], "excluded_lines": [], "start_line": 1}}}, "todo.py": {"executed_lines": [7, 8, 9, 10, 11, 13, 22, 23, 24, 25, 26, 29, 44, 47, 48, 50, 51, 58, 65, 68, 69, 71, 117, 119, 122, 124, 126, 127, 129, 132, 134, 135, 136, 139, 141, 142, 143, 146, 148, 149, 156, 157, 160, 162, 163, 166, 178, 190, 202, 214, 216, 219, 221, 222, 224, 226, 227, 228, 230, 233], "summary": {"covered_lines": 60, "num_statements": 121, "percent_covered": 49.586776859504134, "percent_covered_display": "50", "missing_lines": 61, "excluded_lines": 0, "percent_statements_covered": 49.586776859504134, "percent_statements_covered_display": "50"}, "missing_lines": [72, 73, 74, 76, 77, 79, 86, 87, 89, 91, 92, 94, 95, 96, 98, 99, 100, 101, 103, 105, 106, 107, 108, 109, 112, 113, 114, 128, 168, 169, 170, 171, 172, 173, 174, 175, 180, 181, 182, 183, 184, 185, 186, 187, 192, 193, 194, 195, 196, 197, 198, 199, 204, 205, 206, 207, 208, 209, 210, 211, 234], "excluded_lines": [], "functions": {"CoverageCommand.add_arguments": {"executed_lines": [51, 58, 65, 68, 69], "summary": {"covered_lines": 5, "num_statements": 5, "percent_covered": 100.0, "percent_covered_display": "100", "missing_lines": 0, "excluded_lines": 0, "percent_statements_covered": 100.0, "percent_statements_covered_display": "100"}, "missing_lines": [], "excluded_lines": [], "start_line": 50}, "CoverageCommand.execute": {"executed_lines": [], "summary": {"covered_lines": 0, "num_statements": 27, "percent_covered": 0.0, "percent_covered_display": "0", "missing_lines": 27, "excluded_lines": 0, "percent_statements_covered": 0.0, "percent_statements_covered_display": "0"}, "missing_lines": [72, 73, 74, 76, 77, 79, 86, 87, 89, 91, 92, 94, 95, 96, 98, 99, 100, 101, 103, 105, 106, 107, 108, 109, 112, 113, 114], "excluded_lines": [], "start_line": 71}, "_get_storage": {"executed_lines": [124, 126, 127, 129], "summary": {"covered_lines": 4, "num_statements": 5, "percent_covered": 80.0, "percent_covered_display": "80", "missing_lines": 1, "excluded_lines": 0, "percent_statements_covered": 80.0, "percent_statements_covered_display": "80"}, "missing_lines": [128], "excluded_lines": [], "start_line": 122}, "load_tasks": {"executed_lines": [134, 135, 136], "summary": {"covered_lines": 3, "num_statements": 3, "percent_covered": 100.0, "percent_covered_display": "100", "missing_lines": 0, "excluded_lines": 0, "percent_statements_covered": 100.0, "percent_statements_covered_display": "100"}, "missing_lines": [], "excluded_lines": [], "start_line": 132}, "save_tasks": {"executed_lines": [141, 142, 143], "summary": {"covered_lines": 3, "num_statements": 3, "percent_covered": 100.0, "percent_covered_display": "100", "missing_lines": 0, "excluded_lines": 0, "percent_statements_covered": 100.0, "percent_statements_covered_display": "100"}, "missing_lines": [], "excluded_lines": [], "start_line": 139}, "add_task": {"executed_lines": [148, 149, 156, 157], "summary": {"covered_lines": 4, "num_statements": 4, "percent_covered": 100.0, "percent_covered_display": "100", "missing_lines": 0, "excluded_lines": 0, "percent_statements_covered": 100.0, "percent_statements_covered_display": "100"}, "missing_lines": [], "excluded_lines": [], "start_line": 146}, "delete_task": {"executed_lines": [162, 163], "summary": {"covered_lines": 2, "num_statements": 2, "percent_covered": 100.0, "percent_covered_display": "100", "missing_lines": 0, "excluded_lines": 0, "percent_statements_covered": 100.0, "percent_statements_covered_display": "100"}, "missing_lines": [], "excluded_lines": [], "start_line": 160}, "complete_task": {"executed_lines": [], "summary": {"covered_lines": 0, "num_statements": 8, "percent_covered": 0.0, "percent_covered_display": "0", "missing_lines": 8, "excluded_lines": 0, "percent_statements_covered": 0.0, "percent_statements_covered_display": "0"}, "missing_lines": [168, 169, 170, 171, 172, 173, 174, 175], "excluded_lines": [], "start_line": 166}, "add_tag_to_task": {"executed_lines": [], "summary": {"covered_lines": 0, "num_statements": 8, "percent_covered": 0.0, "percent_covered_display": "0", "missing_lines": 8, "excluded_lines": 0, "percent_statements_covered": 0.0, "percent_statements_covered_display": "0"}, "missing_lines": [180, 181, 182, 183, 184, 185, 186, 187], "excluded_lines": [], "start_line": 178}, "remove_tag_from_task": {"executed_lines": [], "summary": {"covered_lines": 0, "num_statements": 8, "percent_covered": 0.0, "percent_covered_display": "0", "missing_lines": 8, "excluded_lines": 0, "percent_statements_covered": 0.0, "percent_statements_covered_display": "0"}, "missing_lines": [192, 193, 194, 195, 196, 197, 198, 199], "excluded_lines": [], "start_line": 190}, "set_task_priority": {"executed_lines": [], "summary": {"covered_lines": 0, "num_statements": 8, "percent_covered": 0.0, "percent_covered_display": "0", "missing_lines": 8, "excluded_lines": 0, "percent_statements_covered": 0.0, "percent_statements_covered_display": "0"}, "missing_lines": [204, 205, 206, 207, 208, 209, 210, 211], "excluded_lines": [], "start_line": 202}, "main": {"executed_lines": [216, 219, 221, 222, 224, 226, 227, 228, 230], "summary": {"covered_lines": 9, "num_statements": 9, "percent_covered": 100.0, "percent_covered_display": "100", "missing_lines": 0, "excluded_lines": 0, "percent_statements_covered": 100.0, "percent_statements_covered_display": "100"}, "missing_lines": [], "excluded_lines": [], "start_line": 214}, "": {"executed_lines": [7, 8, 9, 10, 11, 13, 22, 23, 24, 25, 26, 29, 44, 47, 48, 50, 71, 117, 119, 122, 132, 139, 146, 160, 166, 178, 190, 202, 214, 233], "summary": {"covered_lines": 30, "num_statements": 31, "percent_covered": 96.7741935483871, "percent_covered_display": "97", "missing_lines": 1, "excluded_lines": 0, "percent_statements_covered": 96.7741935483871, "percent_statements_covered_display": "97"}, "missing_lines": [234], "excluded_lines": [], "start_line": 1}}, "classes": {"CoverageCommand": {"executed_lines": [51, 58, 65, 68, 69], "summary": {"covered_lines": 5, "num_statements": 32, "percent_covered": 15.625, "percent_covered_display": "16", "missing_lines": 27, "excluded_lines": 0, "percent_statements_covered": 15.625, "percent_statements_covered_display": "16"}, "missing_lines": [72, 73, 74, 76, 77, 79, 86, 87, 89, 91, 92, 94, 95, 96, 98, 99, 100, 101, 103, 105, 106, 107, 108, 109, 112, 113, 114], "excluded_lines": [], "start_line": 44}, "": {"executed_lines": [7, 8, 9, 10, 11, 13, 22, 23, 24, 25, 26, 29, 44, 47, 48, 50, 71, 117, 119, 122, 124, 126, 127, 129, 132, 134, 135, 136, 139, 141, 142, 143, 146, 148, 149, 156, 157, 160, 162, 163, 166, 178, 190, 202, 214, 216, 219, 221, 222, 224, 226, 227, 228, 230, 233], "summary": {"covered_lines": 55, "num_statements": 89, "percent_covered": 61.79775280898876, "percent_covered_display": "62", "missing_lines": 34, "excluded_lines": 0, "percent_statements_covered": 61.79775280898876, "percent_statements_covered_display": "62"}, "missing_lines": [128, 168, 169, 170, 171, 172, 173, 174, 175, 180, 181, 182, 183, 184, 185, 186, 187, 192, 193, 194, 195, 196, 197, 198, 199, 204, 205, 206, 207, 208, 209, 210, 211, 234], "excluded_lines": [], "start_line": 1}}}}, "totals": {"covered_lines": 5927, "num_statements": 8165, "percent_covered": 72.59032455603185, "percent_covered_display": "73", "missing_lines": 2238, "excluded_lines": 0, "percent_statements_covered": 72.59032455603185, "percent_statements_covered_display": "73"}}